28788.82
16750.38
32218.57
30571.44
25829.94
27808.48
21766.46
21367.32
18070.7
21777.28
47210.93
46221.6
41642.52
35997.57
36857.8
32602.77
27893.36
26795.38
28887.36
49922.67
49699.34
44865.85
43276.67
40633.75
37696.71
34162.66
31828.06
59676.37
58081.1
54644.52
51833.77
50847.54
42466.75
41597.41
40854.23
34889.04
61007.64
56303.61
53440.13
50392.72
47514.93
41957.34
41500
34006.16
55943.14
56459.27
52331.46
48930.58
46271.16
43000.7
39359.12
33001.29
59947.39
57703.68
55744.94
50337.4
48345
44715.09
41785.62
36579.95
30233.49
50587.39
45789.45
43699.74
40334.26
38091.52
36022.02
30913.59
26209.71
39257.77
33755.05
32795.92
30505.3
28338.78
24513.87
23179.61
18097.51
28538.4
12046.98
36260.09
41384.17
49718.89
56358.97
65178.18
60823.61
60604.03
56560.78
44227.32
36689.74
25960.28
25119.95
23843.81
22533.1
21479.71
21355.91
18790.3
17366.11
15656.2
13149.72
9602.16301
11367.34
12721.03
15059.84
17123.37
20589.59
22037.9
21706.25
25140
27925.5
15389.77
7563.467
17086.49
14865.7
14717.92
13166.66
11857.54
11669.31
9240.45501
7398.013
19239.64
17460.36
14703.2
13824.49
13392.71
11796.84
10486.81
8763.775
22261.24
19560.28
19079.41
16653.53
14672.17
12910.61
10998.08
8851.228
23003.63
21614.88
19198.95
19239.09
15705.67
14386.58
11733.61
9536.58701
10322.05
16917.72
19638.36
20451.39
22251.84
24554.95
27397.81
8762.322
10407.21
11366.55
10455.73
10101.38
11427.65
11226.07
12810.68
13451.08
15262.02
30869.21
29643.83
26872.64
25571.77
23515.86
23669.77
21595.48
19063.27
18700.8
17144.77
13011.77
88721.97
50138.31
84163.81
79718.12
78483.35
75990.91
68582.04
62855.16
59444.98
50609.97
83824.82
83330.64
78909.02
75838.13
69359.31
62419.64
60408.67
49201.61
82797.54
82065.84
78056.63
72537.89
66949.86
60301.27
56945.19
50111.82
72970.28
70504.93
69911.89
63028.29
59799.45
55644.87
49066
43663.61
62105.25
59263.4
57168.27
52580.39
47132.2
45822.57
38100.5
34067.56
48532.49
48121.1
49508.35
42828.15
38998.63
35892.01
29282.79
26086.79
42536.32
47239.68
43041.05
40697.93
40040.67
33690.7
30972.34
26566.58
58302.48
52952.93
51238.71
50830.87
45752.26
42494.28
37818.29
30951.49
62541.39
61041.43
58450.74
58605.55
55113.38
49997.57
46375.48
40664.83
74446.27
73516.41
70731.4
64815.44
62964.31
55923.01
51813.93
49938.32
81948.73
76300.2
79487.45
71932.62
70672.07
64254.1
63074.64
53063.13
85790.74
80025.04
79967.12
73893.83
72609.47
67689.16
63942.68
59266.36
48270.21
78641.02
75512.38
72886.36
67141.55
60135.31
63382.2
55569.14
47557.63
76221.93
70966.99
67111.3
65303.33
60450.57
58527.96
54273.02
49027.69
72292.55
69997.56
64283.36
63559.04
61065.16
60145.91
55074.38
48037.07
70618.67
66022.74
67070.61
63073.64
63021.47
60578.27
53949.24
49502.92
68088.23
63677.73
63332.68
62984.39
60908.52
57885.28
55816.29
51297.97
69457.83
68713.77
63981.77
62344.85
61559.44
57246.57
56865.13
54230.07
49128.7
67050.42
65734.84
63194.35
62576.42
58711.72
54595.66
53726.33
47317.37
70484.13
70572.88
68813.98
66132.65
61840.21
62075.79
58518.32
52475.5
75791.25
74208.77
73596.97
75352.12
72443.65
70459.27
69304.86
64979.36
60950.05
80336.02
82250.13
79766.66
80157.61
78186.42
77116.3
73874.91
71482.31
97000.0501
100571.8
98082.4301
98408.0501
97752.9701
96502.4101
96308.7301
93042.4101
114528.4
115542.3
115469.7
87665.66
90277.4601
88398.02
84237.43
80502.05
66776.87
57508.38
48868.75
46377.01
48990.82
57539.59
64797.61
70851.48
82090.2
84108.23
80108.02
74054.16
71642.09
72538.54
71244.03
69818.29
69148.8
66777.77
69730.28
71212.07
77850.21
86720.98
104054.1
55542.22
61838.45
65430.66
69705.86
75312
76952.22
79841.64
79526.87
87896.96
88764.13
115813.9
111662.6
115835.8
115113.7
116862.7
116049.8
116050.3
114790.9
150794
155163.6
149390.6
150600.6
150438.8
152074.7
148253.3
149232
147533.3
146568
144868.1
146383.3
144580.7
144411.7
145966.8
145661.8
141950.3
139214
139177
140019.8
141990.5
143315
141121.7
139314
138078.4
138626.5
135325.9
134059.5
133117.4
133739.4
133710.2
132565.2
129199.6
130280.9
127503.4
123982.1
119095.3
117008.9
116329.8
114834.1
114772.5
110613.1
107192.2
103424.5
93770.0401
82595.85
148855.4
147086.3
141930.7
134405.4
124903.9
110421.1
150459
152728.2
153345
151873.6
156286.5
153660.9
155898.2
155889.3
96591.9801
96294.5301
94939.3001
94605.7501
93346.7001
91407.5201
90793.1601
88293.38
87131.68
86143.77
93325.8701
89894.1101
112918.6
111576.2
114032.5
113673.3
114450.7
112902.9
110838.2
108507.7
118788.2
116796
118706.6
117127.1
117374.5
117817.3
114607.1
113651.2
123483.3
122956.2
124456.3
124985.5
124068.2
123341.4
121721.6
118974.3
129230.4
121363.7
108568
111752.8
115396.1
117211
125338.8
92051.7001
93625.0901
95704.6001
94623.0101
96523.4201
95603.5901
94131.5701
95532.4601
93860.9701
95487.0501
131814.8
129398
128362.6
130995.3
130954
131353.4
128706.8
128060.8
129662.6
125396.1
127939.8
106440.4
119922.6
119786.4
117292.2
112390
111431.8
109028.2
101822.1
95783.0401
114245.9
111103.7
109135.9
106434.4
103359.8
97511.2101
92817.7101
84635.93
102624.4
101667
97879.8601
96035.9101
93326.6501
88451.54
82883.83
76418.34
92916.4401
91170.7601
86267.78
86465.35
82257.11
79617.06
74605.16
68224.7
59603.38
123696.1
116346.9
108886.1
104614.2
96616.5401
89943.1901
112467.7
115485.5
118908.2
122854.1
124225.1
126694.6
127850.4
127200.3
131942.4
129559.8
83781.73
85198.13
82902.9
81713.73
79204.65
78221.54
76761.16
73710.49
69745.77
67539.73
64506.42
90047.4601
66482.09
107993.6
106702.7
105522.1
102390.9
98890.6201
94136.8001
88767.98
82534.72
117292.1
115259.2
114004
110775.7
103839.4
100207.8
96040.1801
87967.26
120057.3
116579.2
115010.6
112266
109490.3
104999.5
97874.9701
90380.0901
124325.6
123173.8
120265.2
116635.2
113378.8
106967
103464.6
95179.5001
128716.9
129515.6
126975.1
121460.6
120865.3
117511.3
111496.9
106329.7
96937.4601
127821.4
129074.1
128659.2
123945.4
121291.4
117206.1
111059.2
101830.3
133777.6
134968.3
130368.1
128703.5
125771.6
120768.8
114432.7
106805.4
138960.5
137852.5
134532.8
136094.6
129241.6
127207.2
119590.2
112722.5
143560.1
142568.9
142271.7
138938.8
135892.8
133393
125332.6
119988.5
146900.6
128562.5
103978
112851
116013.5
119043.3
120756.9
127136
125788.4
130523.3
136891.5
138488.1
139692.4
142118.4
71497.61
76092.17
78401.09
80646.37
83639.51
82443.82
84780.29
87193.12
90960.5901
88458.52
147271.5
144966.6
144771.7
146103.2
142692.9
142620.5
142853
139649.8
138214.8
134073.8
186565.8
201083.8
189593.1
193163.5
193122.6
198517.7
200258.4
201561
202295
199205.8
189241.5
193414.6
194203.1
196218.5
199917.3
203037.6
202126.6
201927.3
185945
200423.2
185933.2
187708.9
185330
200514.6
204404.3
204431.6
202769.4
195529.7
197018.3
192939.9
194793.7
190875.3
192399.5
192367.1
192610.5
192720.9
199501.7
196612.6
197113.7
202914.3
203236.4
202165.5
202911.4
118121.9
117413.8
118257.6
117591.7
118229.3
117016.9
116015.2
116662.6
115322.4
111717.5
117218.5
114007.7
113258.3
114622.1
113192.5
112686.6
112059.8
109173.4
110732.2
113783.1
111472.1
111992.7
111123.4
110959.5
107598.3
103608.9
106648.3
107108.7
108852.4
107381.9
106451.4
106449.8
105398.7
100058.4
106839.5
108164.7
108001.6
105754.1
104909
103587.4
102758.6
99532.2701
106942
104897.3
102360.8
104209.4
102699.3
100779.4
97287.4501
94167.8001
102510.1
105788.8
100117.4
101701.7
100461.7
100095.3
95437.6401
93461.3001
100291
100586.6
99218.3401
99188.4601
99954.8801
98073.5201
95167.1301
90437.8901
101079.2
101350.9
105542.4
99570.5501
98092.5501
97726.3901
95376.3701
91529.1901
103051.6
105952.2
102889.4
97928.1101
98213.8001
98215.5301
92804.5201
89334.47
100450.4
100744.2
96905.6301
97901.0701
97445.0901
97007.0401
87740.62
86753
99431.0401
99105.8401
97858.6101
95979.6301
94996.3201
91135.4501
87447.27
78563.66
97170.7901
96294.6301
94776.2301
94798.7401
92277.7201
89455.71
84180.59
76844.11
95457.8801
92053.6601
92425.7601
92574.0501
86837.38
88365.35
82789.36
78229.38
67901.44
87171.17
86860.88
81535.91
79317.77
74777.75
65873.84
46003.95
0
75955.38
74568.55
72757.08
67987.13
62594.96
52634.55
33101.68
0
65111.82
64231.1
58613.64
54956.86
47363.34
40176.37
23894.22
0
55992.21
53483.47
49725.95
44956.74
38551.97
30082.15
16659.99
0
49680.12
47563.74
44601.18
39193.14
31654.48
23848.98
13783.33
0
48183.5
45192.04
42167.07
38865.92
34442.34
27936.22
21436.21
12556.85
0
45540.07
40395.05
34255.75
31688.07
28272.3
20694.77
11071.7
0
38231.14
35024.76
31870.45
29046.11
24904.32
20045.27
11557.12
0
31171.28
31630.32
28293.76
25480.36
21166.49
19869.74
10847.05
0
32115.86
29248.41
27051.38
23151.33
19453.49
17014.41
10522.65
0
31741.45
27489.93
24306.2
22150.64
19727.78
18043.18
10399.25
0
28392.92
0
116109.2
115410.3
108426.1
108664.9
112228
106558.1
105908.2
103573.8
101997.3
101328.9
99045.6501
102953
102891.1
100563.9
98666.3301
100069.7
98872.7501
96577.5201
90200.9801
83326.38
75310.77
68673.4
62512.9
56212.22
50642.02
44899.24
41126.42
42078.49
36318.09
32523.05
31976.41
29915.85
116472.9
118832.8
122023.6
121627.8
122394.9
122251
122217.6
121649.8
122683.3
118025.8
28011.66
29055.38
26368.2
25914.85
24156.64
20663.06
18361.06
15554.43
13016.14
7678.746
45524.19
0
47396.79
42233.49
39494.98
35373.49
30160.95
24252.51
13533.62
0
48105.38
48417.32
44423.46
42749.66
38449.16
33722.75
25950.66
16812.6
0
51103.07
48347.95
47090.99
43283.54
37527.19
32466.83
21828.22
0
51046.78
51079.02
51052.94
48266.02
46063.44
42482.54
37726.77
33740.27
23919.37
52444.96
48695
49922.83
46480.8
43496.78
38300.45
35672.72
31360.14
32623.78
47289.41
49418.57
52648.48
49489.21
54393.43
55436.05
7813.149
17895.04
21307.46
27890.09
32420.25
35863.65
37361.66
39742.84
44346.6
43890.07
55492.94
56769.99
53695.72
53233.65
50986.68
49422.44
46959.9
45126.22
41746.8
38587.27
35742.61
51623.61
30427.6
64987.25
65339.88
64880.61
58516.91
61238.72
55047.42
49669.72
45590.01
64491.13
62634.6
58893.78
62089.75
56106.7
50783.1
47247.5
46909.09
57799.85
53356.12
54967.58
54186.81
52626.71
52339.86
48381.8
45913.38
42103.68
57480.99
56842.36
54959.23
56359.23
52405.05
51768.71
47544.78
45081.18
61985.62
62472.48
60806.19
58365.14
55587.37
53765.2
52138.05
50629.01
60839.3
65885.41
58106.22
62721.56
61442.56
60872.07
58218.14
54999.29
54394.64
68055.98
63102.11
63330.03
63778.32
62219.8
56930.89
58601.73
55713.04
62223.15
64840.91
62925.21
64698.75
59946.87
62466.01
60777.8
61595.59
64490.46
64979.45
63578.76
63645.77
63983.03
63519.18
59622.45
59546.67
61480.88
58029.17
60787.86
55615.65
56179.51
58827.93
54118.67
54664.73
56986.25
54731.55
54428.81
55547.41
53296.93
55797.15
54740.08
57373.23
55893.96
0
50920.45
66202.63
61778.36
57786.86
56611.84
60261.29
59221.64
67598.14
67833.23
61856.46
61375.86
60050.71
52747.59
36355.41
37898.34
39873.02
43444.65
45528.67
45591.38
50662.79
47222.11
50518.3
48622.14
0
0
0
0
0
0
0
0
0
0
0
0
31604.02
26535.73
26053.57
27706.66
25277.36
23268.93
20795.36
19395.38
32787.53
34625.96
29857.31
28569.75
29202.73
25132.97
25081.09
21421.44
37552.88
36893.81
34559.44
33130.33
31352.24
30536.09
25969.47
25766.78
38580.36
24543.68
29331.93
32848.4
35470.13
38763.86
0
0
0
0
0
0
0
0
0
0
37994.8
37656.75
35061.32
35689.26
31906.3
32907.88
31757.26
31343.12
30333.79
28587.55
82809.74
74239.94
80962.01
83901.11
83203.99
79570.36
78168.62
80273.27
79310.05
75931.05
81519.37
79420.55
81484.45
77278.92
76782.99
75190.71
73306.85
71161.75
78289.44
81420.9
79203.88
78561.91
77228.94
74061.88
71199.58
67973.13
74246.5
72878.81
70833.21
70078.29
69052.85
65356.07
70181.51
69382.92
71569.27
67448.73
70671.13
63622.05
62104.64
63075.2
60398.63
61356.31
63267.28
64406.31
63073.3
61886.92
57989.46
59202.38
58723.44
54937.78
51134.36
49040.58
84900.33
84774.56
85888.43
79462.89
78189.79
71973.45
68790.54
67771.05
58921.28
76194.88
80165.8
79294.53
81625.67
80789.83
82076.42
85588.87
84911.84
88621.38
85502.27
54358.77
56498.52
52770.95
53952.31
52152.66
52745.06
52523.94
51460.47
51018.46
49818.28
41952.3
31997.76
43727.62
42035.68
40631.77
41174.41
40042
38122
37223.25
37531.76
47857.19
46139.66
46227.35
44732.71
43753.98
42313.3
39254.56
37703.2
50355.75
40667.24
42120.23
45388.5
45582.11
34216.02
36225.45
34779.04
35584.78
36045.22
39031.2
39362.03
39977.09
40538.31
42395.86
50563.35
48858.89
47712.5
48705.85
46138.33
46658.93
44440.59
45123.58
40345.42
41765
87377.84
65007.82
81044.12
82530.69
85037.31
79609.11
75293
72915.47
68186.72
62753.24
60254.13
81157.42
80565.06
76498.63
77182.84
70450.37
70462.92
58449.34
54468.22
85868.88
83079.4
78261.06
77518.34
70439.77
65548.02
57632.73
52624.97
81896.73
51844.28
81684.14
81801.75
83292.63
81964.68
67922.83
69403.3
76111.38
77087.12
80233.94
82791.94
84361.21
83156.88
86543.42
84549.17
84881.71
79419.93
79321.35
77603.52
77976.19
73726.14
69432.86
64127.55
58544.87
55609.8
35040.15
27324.06
36493.86
35301.49
33863.46
37141.16
32723.59
30254.93
28196.73
25563.75
33300.13
34718.4
34199.45
33040.68
33138.2
31051.37
27996.4
26898.1
34186.71
33653.01
34262.87
31938.35
32722.65
30715.87
30171.89
27123.26
24580.52
29268.45
27611.54
27989.84
28434.35
28772.42
24769.25
23152.55
20734.47
23357.37
24111.97
23501.99
23775.59
23389.86
20520.98
19118.23
17611.76
21262.22
18839.15
20700.63
20427.95
18396.36
17838.63
17237.87
16195.48
14909.28
15533.8
15585.52
16886.35
14394.04
15298.46
13660.92
12091.88
10505.33
13472.23
13840.42
13241.64
12077.3
12212.98
10624.98
9180.72401
8975.10701
12086.47
12745.85
13116.11
12550.51
12005.08
10470.94
6025.11
8585.18
15699.02
14662.45
13599.36
13106.14
13059.73
10310.22
5388.698
9691.75801
17446.54
15730.6
14886.58
14263.67
13038.42
11138.52
4753.498
11232.1
18360.46
16049.14
15662.75
14343.2
13498.14
10532.91
3604.501
11448.83
14948.49
14229.83
15588.54
15862.12
15131.57
12702.21
4974.577
12255.33
9040.85101
11623.67
9269.37201
9164.40701
8860.453
5750.452
3166.101
7059.167
3133.009
3599
3616.746
2266.132
2008.546
1027.733
1242.935
946.903101
1107.974
1769.766
1145.994
634.0342
142.6516
0
0
137.7335
1126.395
1258.969
1660.216
1500.661
0
0
0
0
473.8468
4758.072
3504.157
2911.561
1937.264
1423.271
0
0
1423.992
8765.457
7108.354
5583.704
4593.288
2195.593
0
0
3878.926
12548.16
11257.94
8998.62501
5542.752
2917.617
745.688
0
8523.196
17555.69
16653.04
35267.28
33262.45
33835.43
28959.41
27585.11
22598.69
16935.41
14223.5
11626.77
14498.29
15585.98
16151.38
15900.12
16537.24
16695.03
16536.32
10559.91
4602.154
2310.541
2035.22
1945.297
5596.015
10040.93
13615.59
16678.82
17635.68
14805.58
12655.07
10463.55
7126.471
4774.783
2409.355
739.7242
0
0
27369.31
28256.22
30598.15
34277.73
34246.09
35964.2
36507.13
36488.21
36214.93
34805.46
10562.13
4883.265
0
13161.03
10695.6
10347.19
6214.878
3643.261
1710.757
0
10725.93
10197.23
6853.347
4655.679
2694.106
792.9301
0
11685.25
10449.98
6916.559
4794.259
2870.819
1176.965
0
7309.831
0
6367.899
5301.264
2979.786
2716.938
817.5282
382.2592
0
0
2235.674
2795.258
8677.407
8171.944
9481.80701
1936.397
0
2600.134
4239.509
685.3857
252.3008
0
0
0
2994.03
3895.291
2116.255
0
0
0
0
6854.405
5746.76
4100.592
2409.016
1083.044
0
0
8182.031
0
0
0
115.4425
0
0
1119.359
3107.464
6093.544
6637.722
5949.736
4397.076
2452.532
1620.946
607.7131
34888.77
0
34006.53
28300.83
21364.49
16293.54
7789.587
2640.468
0
33001.63
27960.23
20797.91
15040.66
6778.445
2580.005
0
30233.05
26468.36
19977.4
12724.93
7018.917
2248.632
0
26209.33
21655.95
14587.11
8933.061
4933.489
1879.9
0
18097.09
14527.07
8746.102
4799.679
1632.431
627.7098
0
12047.07
0
2305.468
5713.579
10601.96
14875.72
20647.43
24950.13
32382.04
9637.57901
6898.353
4318.478
1219.75
0
0
0
7565.836
0
7398.063
4495.83
1448.816
0
0
0
0
8763.848
5956.907
2877.823
883.4562
0
0
0
8851.268
5114.822
2962.394
785.3243
0
0
0
9536.66801
5947.866
3843.911
683.3656
0
0
0
10322.11
2108.267
0
0
0
0
372.0716
1023.541
2765.038
5619.288
8242.202
7345.239
4521.431
997.035101
303.7798
0
50137.74
23555.66
0
50610.64
42174.75
33427.68
23183.94
15198.82
5158.342
0
49202.28
42650.96
34792.11
22633.06
15507
6104.099
0
50112.49
42840.2
36135.63
23221.73
14815.45
5796.313
0
43663.98
34852.3
30000.02
22189.98
11995.44
4872.479
0
34066.9
30787.4
22601.62
15402.41
8738.672
2323.903
0
26086.95
22159.29
17867.8
9182.17401
5289.987
1154.314
0
26566.42
21322.55
17422.12
10819.9
5183.877
2141.297
0
30952.13
28494.81
21994.87
18127.91
11240.58
4842.759
0
40665.64
35297.57
31634.32
21008.06
13854.78
5282.917
0
49938.02
40807.57
31561.86
23521.73
15473.14
5338.989
0
53062.71
46582.85
35040.28
27985.73
15813.41
5596.535
0
48269.91
42882.46
35596.43
25576.31
16090.42
5256.856
0
47557.24
43106.19
33850.89
22787.95
14700.87
5896.615
0
49028.98
40299.72
33115.94
24115.29
16551.47
7275.8
0
48038.23
40254.46
33000.79
25010.53
14683.96
6611.609
0
49504.33
43519.39
35335.37
25663.82
16979.93
5645.295
0
51297.57
42193.76
36235.54
24777.73
15756.05
6274.752
0
49128.19
42074.29
34499.89
25609.17
14790.45
7074.415
0
47319.13
41971.17
38830.86
27811.63
17445.24
8384.927
0
52474.63
48226.4
39454.34
32248.14
22660.88
9829.21501
0
60952.92
56417.37
48587.2
38133.6
28077.68
15053.4
0
71480.7
67721.75
61043.14
52613.6
41644.04
25515.12
0
93040.4901
88913.63
85988.13
79747.09
69255.91
48232.72
0
115466.1
84624.14
4226.508
9485.70701
17095.07
30201.37
37055.95
43058.51
114854
114347.8
112560.8
113135.4
111940
109712.9
110742.5
149382.7
133199.5
144860.2
141973.5
140424.8
136164.2
132648.4
129376.7
130158.4
139169.9
137143.5
134643.9
128951.4
128472.6
123127.9
122094.4
134051.2
130898.6
129032.5
124472.8
119628.9
117642.3
113786.8
123975.3
121448.3
113435.6
110651.8
102529.6
86507.46
0
103419.1
97702.7301
92367.2701
83788.26
68252.1
44691.69
0
82566.14
0
136476.7
138829.8
140046.1
141807.7
144051.5
147201
147684.9
78970.15
74130.13
67711.91
59922.67
51643.61
37527.39
21543.87
89913.3401
0
108505.8
103441.1
96307.4901
87324.83
72771.09
43724.45
0
113649.1
109837.9
101575.2
91521.4101
76169.8
46245.54
0
118972
114495.3
108074.5
96770.4401
80215.28
48389.19
0
121361.4
0
29929.1
51293.89
65192.91
74721.84
79274.78
85444.2
88356.51
119147.2
117040.6
110718
99456.1301
87050.84
68422.49
40528.21
106437.6
0
95779.7301
88701.36
76742.08
63447.98
45749.35
23277.97
0
84634.23
78033.24
66716.36
54020.59
39278.65
19877.58
0
76416.76
68663.93
58168.63
47539.14
32889.18
16218.05
0
68223.09
60006.76
52382.13
41984.64
28181.82
12687.24
0
59584.37
35836.36
0
24219.89
47005.46
64033.39
77131.57
86471.29
95162.3301
100409
54715.19
48272.66
44233.7
27617.88
18597.65
6782.103
66497.03
0
82534.5
73897.6
64061.59
51385.3
36219.09
16787.01
0
87969.52
78036.22
67185.06
53579.01
37317.11
17703.74
0
90379.5001
80462.59
70254.58
55840.92
39547.8
17909.97
0
95178.7601
84104.99
73314.89
57441.11
39114.3
18596.29
0
96940.2601
86175.23
76264.05
59683.73
43088.54
18369.52
0
101829.4
92932.8801
79606.99
63664.39
45040.51
20538.31
0
106804.2
98768.4201
82941.02
67675.65
48215.83
24221.33
0
112721
106179.8
90920.7201
74467.66
55424.09
25798.65
0
119986.6
110995.4
100461.4
83359.88
61725.89
32890.36
0
128559.9
99309.8401
0
8146.826
21997.07
32924.14
42851.89
49917.96
55627.46
62054.77
124885.9
117065.1
109434.5
83231.68
63669.66
36848.63
201075.4
180795.5
0
199197.8
195501.5
191948
183454
164043.5
116514.4
0
201918.4
194411
190287
180893.5
165084.2
117088.5
0
200414.4
183148.9
0
97682.2601
144549.6
167860.7
191140.8
192624.8
200589.1
198439.1
196236.6
190694.8
169824.6
146373
99366.2001
117407.9
96425.5301
0
111720.3
108251.8
99654.3001
87257.88
65665.08
31096.08
0
109169.1
101132.9
95029.3901
83874.55
64197.99
27917.53
0
103604.4
100125.2
90756.0001
79446.66
60139.87
25381.45
0
100060.1
94937.5901
88435.81
77262.12
56423.71
23992.93
0
99527.6201
95604.0601
85322.93
73552.43
56647.31
24413.19
0
94169.5001
91264.1101
82199.33
72239.49
54312.14
24547.5
0
93463.0301
86486.91
82804.28
69457.25
53744.68
23425.26
0
90433.1301
85559.52
78730.15
69859.08
51663.79
23837.32
0
91530.7701
86533.33
77609.43
65789.34
52320.09
21851.68
0
89330.73
83828.48
73578.51
66408.16
49350.59
22995.35
0
86754.41
79784.44
72840.93
62656.53
46867.52
22797.45
0
78560.34
74673.27
68054.8
58728.63
44362.87
21018.87
0
76840.65
71581
67111.62
56369.96
44438.33
21226.51
0
67882.59
51523.12
0
32031.84
61429.22
82873.59
105481.8
108985.7
114610
67187.48
63234.45
58362
42357.48
30486.79
16675.09
63525.11
45523.38
0
79484.51
74056.55
68816.7
60069.73
47410.88
26333.57
0
93099.8101
88212.58
83767.81
75690.08
62950.19
43933.16
0
104798.5
103277.7
102415.6
96633.2201
89979.0001
73663.91
0
113256.6
0
12331.14
27022.58
38027.91
52646.58
57450.02
60516.62
112930.3
111896.5
110578.8
109182.8
103503.5
97877.5701
78209.61
89118.13
0
76624.81
71256.49
68009.07
60523.84
49384.57
32214.47
0
56751.73
52951.04
48525.21
42465.71
32798.97
18320.63
0
42068.57
38586.48
34245.15
28852.47
21965.67
12675.02
0
34837.52
30831.94
28139.15
22436.44
17082.77
8908.789
0
33069.43
28477.24
24244.13
19502.6
13172.11
6919.794
0
29792.63
25727.83
21794.93
16810.56
11480.2
4958.059
0
26646.17
20275.02
17342.21
12982.38
9183.72001
3864.983
0
23255.53
18945.11
14736.45
11421.67
6824.918
2927.163
0
21549.28
17426.71
14653.86
10897.44
7503.239
2965.444
0
20352.16
17977.07
13005.9
12775.92
6675.968
2163.271
0
16836.37
15530.93
13262.5
8996.86401
6361.526
3146.108
0
17915.85
0
47615.63
65371.59
73921.13
78630.15
80346.82
83715.74
86274.47
15152.15
13451.05
11520.61
9018.55001
6001.618
4953.86
1430.068
23926.78
0
31360.72
0
32623.8
17448.32
0
2682.271
5617.979
9673.96501
12692.03
16453.83
17399.61
21998.04
29306.96
26791.74
22828.97
13048.97
9518.50601
3640.063
21398.15
16934.81
11826.71
5326.997
30427.44
17098.16
0
45925.87
41770.92
36037.22
27278.73
16502.87
3954.123
0
46231.91
41883.84
36678.48
27259.32
16896.25
3075.92
0
42100.51
39327.16
34956.72
27241.06
17136.91
1868.313
0
47524.11
42689.18
37086.3
29077.4
17261.68
2155.819
0
53782.37
45816.4
42165.36
35449.52
22356.91
5016.661
0
54641.45
53937.52
47852.47
41861.36
30543.97
13106.21
0
59037.55
56459.9
55167.25
48417.03
37497.33
18280.38
0
57415.89
56636.03
57672.82
50246.29
41364.56
20457.89
0
60241.96
56568.2
53759.95
47960.33
40122.52
18834.36
0
56730.12
56304.6
53921.99
49080.68
38683.82
20192.36
0
55474.88
55105.89
51301.38
46361.7
39419.29
20405.48
0
50679.81
50970.17
48707.76
43351.01
35211.39
16526.21
0
33650.77
0
3262.312
8856.591
12134.21
22396.77
27432.41
31265.38
32168.86
34546.09
30089.24
26997.73
22762.35
17020.65
7041.718
16046.64
0
22996.04
21113.09
17921.17
15669.13
11810.13
5529.043
0
23028.38
24056.34
21705.09
17016.21
12877.94
7948.069
0
26307.77
25002.17
23917.78
18557.07
16197.79
10739.66
0
28345.32
23057.68
0
3815.597
8668.42
9508.37401
13032.8
14428.67
15995.74
17772.63
24501.6
27277.12
25089.13
17641.36
16255.45
16868.43
71157.7
68129.23
0
67969.5
68482.41
65664.18
65297.86
64906.85
61826.23
0
69379.57
65975.7
62310.31
64735.53
61544.75
59637.42
0
61353.13
59565.06
60503.02
60721.82
59075.68
56030.94
0
54934.66
55715.35
55380.9
54056.86
54191.57
54384.16
0
49027.2
40691.41
0
60951.19
63673.67
68022.02
67312.7
69106.92
72480.88
49212.86
45194.13
44048.03
35514.71
30736.68
18435.85
32006.54
24723.58
0
37530.77
33709.96
31274.17
27335.93
23802.96
18417.5
0
37702.37
35167.02
32819.79
30983.8
23395.24
17807.8
0
40666.21
32326.04
0
12231.17
19474.51
24265.36
28494.8
30007.27
31555.64
37666.91
35015.12
35389.49
30461.45
25719.29
14852.24
65005.66
52411.19
0
60252.27
38538.84
0
21151.8
36297.44
44492.79
57014.77
63001.95
64741.33
52993.82
53456.6
44658.18
30810.82
23736.88
10781.46
20032.02
9984.29901
0
20308.33
17674.72
13601.64
10566.27
6388.122
1638.844
0
19785.69
17150.38
14309.7
10184.48
6653.249
1978.163
0
20486.25
17963.1
13834.42
9824.95201
5722.648
2195.443
0
19395.21
17426.51
12914.18
9952.02901
6175.611
2206.993
0
17368.65
15294.78
12296.64
9444.86201
5746.95
1130.967
0
14376.98
7766.114
0
689.2309
3765.499
7429.533
12562.78
16190.95
18119.15
13558.68
12135.78
9988.04001
5469.166
3208.064
1499.771
14303.23
7312.641
0
14107.37
12613.14
10943.46
7790.425
5294.02
1768.661
0
15346.32
14065.76
11203.14
8974.72001
5559.27
2292.634
0
18575.99
0
437.4351
3399.26
5472.614
9140.96501
10541.25
12249.72
17422.65
14790.98
11388.79
10404.88
8299.283
4763.682
2164.755
14908.8
0
10503.83
10120.51
8534.376
5999.124
3659.521
1489.427
0
8975.67401
7492.204
6877.167
4668.117
2684.932
1570.694
0
8584.598
7984.768
7259.286
4498.487
2660.392
1064.283
0
9692.05101
9391.56301
7855.541
5628.788
3594.751
988.562101
0
11232.37
10372.18
7828.083
6203.515
3281.684
1695.431
0
11448.99
10384.98
9751.62601
6502.067
3152.476
940.799401
0
12254.65
10980.5
10360.83
6371.889
4272.669
1387.76
0
7058.438
6275.486
11115.49
7192.38
4154.173
1675.496
0
946.857401
1383.339
7483.737
7148.978
4097.308
2310.573
0
137.7332
201.7135
6756.867
6278.837
4259.237
1688.037
0
473.9019
7333.421
0
238.4246
1611.162
8215.386
5001.752
3531.912
1201.245
1658.601
3484.33
6233.416
7747.39
9798.95001
12159.67
12464.3
173757.7
176087.9
171202.6
176212.4
169456.7
169252.4
169596.8
171850.9
171744.5
171860.7
172397.2
174565.2
175750.5
172978.2
172868
170791.7
170658.8
170443.2
174089.5
166349.2
173512.3
172541.9
167292.3
169557.5
170393.7
166988.3
171421.9
170926.7
172536.7
166391.1
167075
172508.4
170467.7
170714.9
170400
167166.2
167862.6
170686.4
172517.6
159878.2
168654.1
165520.7
166635
168176.1
168451.7
163331
166381.7
167286.9
168116.6
160946.7
166444.4
171163.6
163305.4
165791.9
163663.5
165579.2
161545
161635.3
161866.1
169178.4
166982.1
166830.2
166035.5
162700.9
164332.4
114340.7
166332.9
134915.1
165935.5
146526.8
166241.2
151041
167455.6
152605.3
164863.4
156557.7
164217.3
159606.2
165688.9
160036.1
165293.7
57068.63
111061
161428.3
164766.9
95919.9201
145546.5
161876.7
164941.5
115141
152597.6
162005.5
164657.4
128054.5
156073.7
162175
165166
159576.1
164290.8
121471.1
130592.9
145842.9
162150.4
163111.9
0
0
0
155079.4
0
0
0
87745.02
108611
122768.3
129614.5
137709.7
143637
145621.3
149129.3
150416.4
152629.3
157178.4
52832.26
68337.59
82905.15
94099.9501
103133.2
111688.2
178732
174231.1
174645.3
177467.8
176203.7
174965.2
176855.9
174879.7
175404.5
172304.5
171874.5
176110.7
175560.5
101697.2
105656.4
106794.1
119587.7
169760.9
175050.4
172726.6
175984.2
175394.2
125145.6
130822.9
138495.8
157298.4
170237.1
173451.5
171002.3
173800.3
172616.8
137197.8
146643.3
155382.5
167235.3
168659.2
171999.2
170672.6
171479.3
171117.8
148389.4
153028.5
162041.2
167622.5
170259
170321
169350.9
170752.5
169944.4
153820.5
158775
168288.7
168061.9
168787.3
168545.5
168787.5
166641.2
169185
157728.2
161333
164363.7
165575.5
169519
166187.8
166117.7
167779.5
164524.8
144697.5
156263.1
158644.9
161864.9
164204.9
167497.1
166729.9
167696.3
164499.4
167885.7
160736.3
153917.8
160548.9
162385.1
165569.5
162998.3
166531.4
167994.4
165206.5
162938.9
163999
158683
159071.4
156414.9
165371.9
168056.2
163353.4
165517.9
167377.6
162884.9
162663.7
161933.6
160224.5
158474.7
160464.4
162697.5
163124.5
164258
165737.9
167416.6
166917
163066.6
158933.3
157304.9
156460.7
162461
164203.5
167276
165563.7
165353.5
165816.2
167833.8
163901
160868.4
159321.9
160615.7
161969
164072
163082.9
165336.5
164247.6
164180.3
165038.7
161624.9
161284.1
153782.1
162079.6
161707.9
163668.1
162856.5
166653.8
166396.3
164986
167625.5
160781.5
159642.8
156095.7
160238.5
159419.1
164836.9
167251.5
165416.2
165641.8
163262.3
162443
160138.6
158968
158553.4
159625.2
163743.5
164359
165974.3
163105.3
162793.9
167808.5
165062
162172.3
159240.6
157941.8
163284.7
163635.3
163848
166890.2
168664.1
165317.8
167165.6
164145.7
166426.4
159958.7
154416.3
162633.2
163616.8
165905.9
167272.1
169480.3
168101.9
165302.3
164650.2
165015.7
161025.1
156446.1
164525.6
164707.7
169087.7
166676.2
163874.8
163017
162610.9
162133
162618.5
158795.6
156523.3
128525.5
162645.6
165639
164120.1
163336.5
165833.7
163612.9
164583.6
164993.5
162445.8
162205
160990.6
156523.3
158762.6
160747.7
164243.2
165422.4
164679.9
166443
162365.3
155641
162101.5
162284.1
160541.9
159868
156056.9
152605.4
156050.8
176899.9
176350.8
174417.7
177402.7
176029.1
173392.1
3337.743
116180.5
134345.2
147397.6
158237.8
160853.9
162466.1
165247.7
163694
168008.3
161815.4
162851.9
160726
155742
139744.1
111303.9
165481.7
161999.7
161147.1
162495.4
160277.7
163280.6
521.7813
1750.694
153072.7
90600.7301
88959.29
90217.3101
95202.4601
171454.7
69606.66
67919.62
67065.66
68717.52
66642.64
67348.55
67461.43
112210.7
134038.9
140428.5
148248.5
152237.9
155087.9
157945.2
157179.7
157917.2
155972
156515.6
158927.3
161589.4
159880.6
161258.5
162096.6
162436.3
111923.7
126224.2
136081
141244.2
145744
149989.5
172032.5
170205.4
173235.3
170359.4
107784.6
127948.5
152007.9
155955.6
159486.2
160092.9
158674
160679.7
160620.2
161595.9
162418.3
163222.1
84986.01
75955.1
81245.15
81571.12
79897.9
74606.59
71068.45
63474.07
52425.34
34368.22
4203.289
78757.54
76680.19
75070
71096.42
75905.88
73842.51
70886.49
68379.88
61071.05
54062.16
42190.93
26877.84
2315.926
73218.8
73262.29
68700.48
66083.01
72901.92
70343.78
67485.94
64518.87
59367.39
54021.42
44825.15
35213.96
21374.97
2129
70419.36
69016.14
64131.61
62044.66
64478.73
61715.41
59514.76
53897.3
47569.91
40543.68
31149.3
28290.28
52153.53
65922.06
61510.35
53375.14
0
57796.1
55501.3
53302.53
47835.16
40262.64
37306.5
33843.67
38986.05
57247.91
59843.24
52882.05
32298.13
0
54301.5
0
77647.15
81056.02
82592.45
82378.03
82843.17
28514.23
51680.07
66364.32
74177.33
79225.61
81862.74
85967.7
84715.61
83898.2
84267.24
86455.73
86278.05
83611.07
79324.44
74491.58
67922.01
61838.9
55860.2
52455.76
52091.12
49731.92
48168.1
44452.19
40994.75
38037.37
38302.54
37989.23
39077.16
42626.09
48850.54
55700.82
50380.37
42230.32
30829.21
15595.03
62848.14
0
79945.2
78441.68
71403.79
66604.08
60207.03
56641.15
55973.03
62248.92
88282.86
81507.14
65057.98
36857.24
0
92498.7701
85736.04
78766.93
73037.08
65561.31
63940.43
62068.01
66361.31
97406.1501
91264.3001
74739.27
39422.36
0
98370.1101
94791.3701
86400.02
80748.57
70353.8
67295.89
66496.53
72832.18
105735.7
100439.6
81414.56
41849.41
0
103196
98467.9501
92377.4701
84054.61
74604.41
71815.5
71321.11
78778.14
112470.2
104734.9
84257.16
43629.87
0
105692.4
99704.0401
95568.7501
85567.17
76892.48
69731.22
74098.82
83481.42
116498.1
109046.9
85121.13
44994.46
0
108741.4
106478.8
95441.9501
86113.4
77417.87
72617.92
73936.35
83078.8
118132.5
110174.9
88504
45067.07
0
110637.5
107017.2
99425.8901
86469.69
77659.44
72544.67
72477.36
87194.53
119110.6
112805.4
87572.77
45376
63100.45
113373.6
105132.5
97642.7301
88770.48
78236.22
74868.98
74045.17
86290.3
116821
112571.1
87280.92
43932.96
82919.56
117138.5
92306.5101
78587.87
86238.09
94545.5901
99395.2901
105125.7
109961.4
111738.2
113678.4
117629.2
114711.8
114467.8
116369.4
20211.75
38687.58
49718.75
58722.21
65441.84
54988.63
43097.86
39924.24
42087.91
39606.78
42602.35
46055.01
47697.34
51938.04
55826.16
57024.54
58813.45
113178.7
109445.1
104598.3
99250.5101
92846.7301
86886.48
77442.39
73009.39
74191.43
75208.11
87623.08
108658.6
119618.3
111195.1
92128.6601
64966.55
29180.51
56716.24
48522.87
45600.08
44524.62
41175.11
40741.86
38972.95
37002.57
37143.79
35644.12
40764.09
34663.32
26439.31
14297.65
39786.34
35479.18
35498.5
33924.07
34233.81
31897.03
34327.98
33390.57
29755.7
32087.56
26715.46
20143.51
9568.72401
36004.92
28156.87
27719.03
26367.9
27005.68
25780.75
25163.7
25125.04
23753.82
24130.98
19880.92
13691.35
6629.693
34227.15
25153.82
26431.63
23193.69
24537.38
22649.35
25072.28
23389.47
22516.48
20341.31
17292.71
11939.09
5402.035
31045.06
24793.99
25931.95
24677.54
26461.3
23668.44
23799.65
22179.27
23449.65
21805.04
17535.01
12514.17
5623.833
28770.17
27252.33
27249.93
27285.43
26866.76
28346.9
26719.33
25701.19
25713.76
23281.33
19386.8
13732.11
5347.092
28727.95
28969.41
0
47909.11
42222.15
34596.39
28724.87
24806.23
23913.26
23598.66
26285.49
15179.98
28492.57
38459.97
46700.67
51112.02
45903.62
41540.23
40452.03
41201.11
42225.98
46181.32
46751.45
47856.12
51883.84
52803.79
54317.06
58965.5
29568.67
29426.24
30403.33
28615.43
30654.18
30750.16
27764.25
29064.2
27477.08
28670.36
27599.52
27217.75
22676.96
20462.16
14980.72
9419.68801
4295.101
38449.23
46404.05
46339.12
44939.38
43748.11
44022.99
42311.55
39250.77
35984.88
37313.37
35057.14
26243.54
16980.3
5394.186
48835.76
49493.99
47930.54
49219.19
47765.8
44695.43
44465.04
42146.17
42035.53
35874.31
28863.4
16058.48
5901.109
50893.26
53522.54
52988.77
51298.23
52750.02
49179.64
48710.41
43034.73
46754.78
38490.27
27746.06
17562.34
5467.092
49852.84
62386.6
58717.42
58049.18
56129.89
51386.82
51060.23
49244.19
48996.27
41645.29
30789.62
18653.2
6334.435
50513.9
63041.84
52303.37
46739.21
47850.4
50447.3
57781.8
58245.95
2753.08
9284.09601
14943.71
21438.13
27579.43
32330.65
32364.48
33121.29
34439.28
36995.06
37445.3
38480.93
38331.41
38529.45
35870.42
40360.07
40962.57
60118.52
62129.47
61326.61
59917.35
56710.76
57659.08
55052.82
52710.49
49828.36
53202.23
52092.14
48697.43
39742.34
30609.77
21886.65
11414.35
4278.833
50303.45
46129.38
57452.66
57592.98
56692.07
59448.15
57374.49
55840.17
56934.57
53634.34
49548.22
41356.78
31673.04
15167.35
45363.93
56984.41
58524.56
58548.76
56357.63
56417.85
59319.5
54384.8
55422.61
46968.33
40593.37
27373.97
13202.26
44600.14
54547.95
54589.02
56375.82
56985.77
57836.73
57029.17
54914.71
54492.01
50081.46
45920.99
35501.61
25639.72
12644.67
44643.97
53261.91
54334.43
52380.67
52807.84
52421.95
51603.97
50075.57
46312.88
41182.24
33980.34
22895.82
12048.31
42613.59
49199.69
50067.78
48451.04
48173.96
50447.58
46611.59
43350.67
40058.18
34433.71
28231.05
20000.25
8989.60501
35660.1
40833.02
41171.95
41473.55
41350.02
40144.75
38717.08
36677.77
33511.23
31076.58
22981.01
16334.69
7276.188
34291.09
37694.66
37558.23
37578.78
36640.88
36564.07
33755.68
30915.29
28794.15
26724.04
20447.06
14003.91
6462.769
33080.36
34060.87
34018.77
33425.07
33199.06
30916.95
31038.8
31005.45
26275.76
24238.79
17947.44
12682.58
5476.805
29513.65
31089.01
28501.64
52064.84
56954.39
55130.21
54913.01
51562.91
46860.91
39984.02
39937.3
35817.15
32606.94
9224.27101
21541.42
29687.86
37711.51
44626.29
48090.2
49804.78
52451.57
52919.85
55032.84
54765.74
54816.85
55392.61
54413.45
52065.29
51750.88
52371.18
30397.91
30315.77
30651.38
29578.2
30615.42
30486.16
30391.82
28140.38
28314.76
26995.98
24643.82
23035.21
20346.65
15160.56
11285.35
7075.408
3149.276
39951.98
0
44977.66
44593.17
43558.72
43069.25
40442.6
38995.34
36151.37
34129.64
28041.18
21841.62
12881.11
6859.652
34147.12
51834.55
50473.99
48474.29
47121.33
46169.89
44020.76
43440.03
38364.17
32303.46
24841.87
14796.32
7285.696
40242.41
54852.13
56710.09
54893.91
53246.52
51130.82
50583.48
47861.55
45008.67
40942.02
32879.19
25234.27
16821.62
6691.451
41942.8
56108.01
56969.8
57516.9
54738.38
53322.11
48292.98
47470.1
41836.51
35448.09
26774.88
18418.72
7208.504
46242.72
58717.32
58589.33
59294.99
56140.84
54324.67
53116.01
49357.46
43097.96
38807.52
28191.47
17056.81
7402.285
46035.73
65523.18
48024.25
43907.79
48262.5
51880.12
56266
58833.59
60056.08
3214
8207.061
12954.3
18490.76
23098.91
26903.54
29714.46
30998.86
32957.75
33839.33
37176.67
35101.13
37126.21
37945.96
40791.4
40770.2
39051.95
62692.5
61610.61
61971.86
63445.83
61634.55
58854.04
56112.36
58673.12
51676.8
50110.65
46877.69
43079.97
35194.26
30412.48
20760.62
14378.54
4453.735
61601.44
0
63934.55
61917.98
65059.97
64580.02
61923.96
57253.53
56107
49951.11
46233.91
33388.55
23766.09
9463.11001
0
61517.38
62568.12
59963.26
60268.62
62660.05
58412.13
56749.13
50049.32
46335.06
37748.11
25637.26
11095.85
0
62691
0
60049.14
62176.41
59310.24
6575.304
15891
23930.18
35007.71
39135.53
48400.82
51958.35
55681.31
58970.72
58939.57
60367.02
61592.5
63027.13
63353.26
61813.25
63333.23
64120.26
59064.7
61893.35
62135.01
63132.1
62537.07
60110.07
61391.89
60765.4
58689.17
56606.12
52390.86
50707.77
42567.91
37216.08
28702.77
18806.67
6763.796
58899.75
0
60005.86
64793.49
63177.6
65531.4
67196.27
67663.57
62203.41
61922.48
59572.39
49434.24
40068.42
19036.29
0
61940.79
63133.62
64087.11
62198.63
66547.11
66234.06
65552.55
63869.05
62475.6
52902.93
43920.77
28204.4
0
59973.32
58887.12
66287.16
67123.07
65019.79
66461.23
64313.75
64510.49
62839
59490.86
52381.25
39741.86
0
59079
60987.59
59429.36
64174.74
65800.91
62911.17
66151.62
65251.31
61390.8
60683.98
56753.2
48790.18
0
57819.67
48876.81
59619.58
59119.05
59649.44
57730.88
56786.63
54434.13
9554.84101
25374.27
36806.53
44690.42
51116.45
55164.56
57583.37
59460.64
64342.12
65891.7
66653.38
66843.61
65748.32
66965.33
65287.18
61994.6
63818.21
57735.05
57575.54
63477.99
60075.96
59317.87
63896.42
64451.67
62197.01
65539.57
65820.21
62384.16
63373.68
60429.05
60083.77
56765.6
54291.65
51117.68
55575.09
63457.11
55844.08
54465.07
63424.8
64694.13
68072.46
73436.93
69749.72
74437.59
73177.83
73141.03
68060.58
66421.32
64873.51
53739.06
57613.96
59311.68
64554.85
67190.36
69564.69
69637.27
70420.29
68506.64
66357.51
67155.7
66352.82
66401.58
54647.24
55253.82
60315.82
63616.04
65919.59
67058.06
71381.73
66624.19
70395.86
68164.78
66021.48
65818.45
64677.78
51733.47
53640.48
57133.54
59801.38
62701.03
68404.83
67074.98
65308.63
67169.16
66364.58
63753
65031.39
62345.85
46901.5
54830.84
55673.23
59723.96
64330.8
66934.16
64374.13
68688.8
68648.89
67383.24
62709.87
65053.61
62151.97
51099.57
53617.87
56376.86
59646.9
58321.62
64439.88
67544.01
67769.11
63667.13
65486.88
65592.02
65365.08
64124.23
49302.82
49788.31
53804.52
54282.95
58439.08
64844.3
63045.36
64958.63
64867.89
62451.19
64628.04
63255.01
60032.25
46698.68
49283.75
52238.18
54168.32
61544.09
63584.62
63707.57
62196.97
61799.36
62474.64
62405.9
65762.08
62881.38
46754.36
47079.59
52855.76
52438.29
56978.11
59793.63
61177.16
63295.98
63195.57
61170.91
66049.59
61499.32
60414.67
43865.4
44951.84
51269.2
51570.86
56587.43
58534.75
62423.58
61778.73
61127.05
62417.34
60684.92
61878.81
64157.17
42185.89
46370.6
46144.27
51065.87
53364.73
54790.01
61943.64
60182.68
60403.18
60783.99
59412.24
62333.59
58026.64
42680.48
42047.92
45734.05
48158.19
54617.22
56412.55
54690.3
56302.27
59134.04
59729.67
58145.2
60226.73
58067.73
39850.95
41181.13
41481.18
47408.44
49472.7
53523.45
53705.68
55271.44
57273.65
56938.3
55449.02
57078.79
55428.39
37721.89
40054.38
42644.89
44563.21
48619.05
50993.1
51335.82
54252.62
52843.26
53648.75
53400.61
49674.38
51274.04
34186.95
38614.79
37338.23
40257.6
45258.05
46471.98
51555.88
50798.18
50455.2
51237.69
50582.71
50532.7
47978.63
30560.76
34904.11
36734.82
39256.96
40223.81
45844.94
47044.81
47981.37
46389.85
48777.56
49641.52
45706.09
48345.89
30863.49
33467.75
31912.04
34656.55
37691.31
38838
41805.91
44188.59
43287
46296.22
44644.83
45136.73
43025
42847.11
26447.37
28402.3
30263.38
31970.69
32492.76
34099.15
37132.23
35143.21
34477.14
28847.69
23642.64
15120.91
0
22032.15
23448.7
25533.15
26462.24
26811.39
26529.13
26758.48
25793.9
25513.87
19624.25
15685.54
8090.713
0
18292.34
19422.81
20273.03
19935.69
19916.57
20359.4
21394.1
19076.54
17564.53
12986.29
10473.32
6014.616
0
14049.29
15773.35
15125.13
15114.77
16155.97
15992.31
14894.07
14674.32
12662.1
10638.57
6929.413
4126.212
0
10722.14
12133.63
12155.35
10500.71
10833.33
12177.81
11519.74
9523.69501
9042.67501
8205.306
6408.179
3600.957
0
8708.323
8877.306
8376.772
7786.746
7384.159
8629.84
7359.416
7191.635
6240.293
6504.116
6792.541
2611.514
0
6170.704
6662.727
5277.372
5365.08
5966.702
4641.176
3975.451
5357.729
5239.725
4415.999
3130.217
1663.264
0
4689.765
4824.737
4439.295
3842.385
4356.867
4408.74
3474.965
2849.399
3982.109
2775.8
2323.576
1274.862
0
2816.306
2621.19
2944.055
2771.457
2681.136
1524.81
3202.466
2532.081
2109.131
2286.132
1738.74
0
0
1753.906
2577.011
2751.972
2157.748
2683.694
2518.281
1204.14
1995.803
1556.182
1323.315
654.3819
395.0704
0
1651.566
2797.941
1923.502
3302.779
2968.953
2865.651
1470.614
2083.83
2372.667
2028.52
597.7235
0
0
2755.028
1473.937
2031.198
0
2349.813
2015.761
1909.229
1815.223
1396.84
1004.698
673.1996
0
0
1948.897
2225.738
1736.36
1623.923
2070.034
2428.102
2079.824
1844.043
2047.742
1347.898
837.3604
303.4778
0
1226.538
1331.561
1786.317
883.5286
1367.567
1422.697
1307.894
1014.86
1893.234
713.1783
797.9865
0
0
1954.373
1797.839
1173.063
1551.758
1589.191
1316.476
1221.617
1193.963
802.1655
816.5013
0
0
0
849.3422
687.6976
1283.753
1562.56
659.7872
831.0415
970.513401
1486.41
0
672.8455
316.1733
150.1966
0
1551.624
1141.014
1065.147
1251.172
984.239001
870.0351
1253.116
1214.873
0
776.1404
307.3812
0
0
581.2243
1434.673
519.4043
891.8439
1657.818
949.488301
0
991.193901
356.8607
633.2827
0
161.1349
0
1078.698
493.0164
1114.811
1117.291
1199.383
686.5173
819.1919
569.1996
336.7603
312.0739
0
0
0
671.1727
0
611.6624
360.6055
1113.982
0
414.3935
563.0161
515.0933
197.5809
0
0
0
1044.152
790.1069
521.0445
852.8598
668.5809
834.0814
0
0
614.7139
0
0
0
0
0
932.207801
646.7897
904.246701
0
443.5468
627.8657
186.8537
0
325.3277
0
118.4449
0
741.6169
412.76
1350.477
308.5319
965.213501
742.6483
0
747.9469
215.9454
0
0
0
0
765.9183
336.4257
570.8057
547.4227
753.3943
498.3432
0
0
0
0
0
0
0
0
0
0
713.14
901.794601
0
0
263.0139
0
147.8931
0
137.6538
0
585.5987
401.9244
0
333.7656
210.0189
0
290.0188
0
0
0
0
86.43496
0
284.4291
267.4749
0
0
284.0669
191.6089
0
0
0
202.602
0
0
0
79588.39
53150.45
52254.27
52602.84
49503.94
49864.09
49315.3
47021.56
47483.35
44741.61
43585.88
43961.59
44444.98
43892.73
39038.9
40797.38
38789.61
38906.89
37766.27
35271.7
31583.43
30402.96
31694.64
27991.39
23803.9
21930.36
17889.81
15394.04
13740.84
9113.40201
8475.505
6001.648
3777.309
3280.974
4559.982
3397.385
991.155001
2537.233
1903.564
2357.975
2052.037
2028.464
1875.087
1785.534
1762.948
924.675101
355.1248
942.431301
1056.976
1118.854
875.1829
495.2593
545.5439
387.3251
467.7544
479.6849
0
657.1656
0
65880.22
69528.53
69146.11
70909.73
70339.08
72028.52
70652.68
71765.09
71315.05
70856.59
68756.97
67805.7
63812.16
59143.7
61876.8
59549.04
54787.57
172212.7
174906.4
169963.4
172304.5
169975.4
173950.8
172800.2
171619.3
172331.2
172249.3
171660.3
170734.9
172785.9
175003.9
171527.5
173445.1
171981.4
172236.7
173296.3
173241.7
172601.6
171242.3
171937.6
170405
172620.9
172845.5
171482.1
172480.9
171627
174737.9
171898.5
172568.5
174739.7
175085.3
173760.1
174048
172116.9
171034.8
171610.1
171862.5
155235.2
153616.4
160311
160101.6
157022.8
161424.6
157739.1
158084.8
148738.5
124273.6
120580.7
122891.4
158084.8
160199.8
159107.6
160661.4
161199.3
160520.8
158522.7
155883.2
154364.4
157879.7
156568
155819
156812.9
161858.2
162264
159135.3
163052.3
160516.7
160588.9
157547.4
162164.2
162196.4
157110.5
160608
159933.3
160120.6
161873.4
160909.4
160766.5
163122.3
161457.6
163684.2
163769.1
154123.2
158926.7
158101.4
161107.3
159920.1
162378.8
160816.2
162065.8
164395.3
165148.5
162382.9
156277.3
158037.3
160496.7
159024.5
159880.2
161264
160384.9
164387.5
162088.5
161650.1
164460.3
158613.7
159829.1
159406.3
160212.4
159215.1
161985.4
164095.3
164140.7
163104.5
163915.3
163982.5
156949.4
159720.5
161317
159888.5
162199.9
161425.9
161105.5
163799.1
165015.3
164008.2
165494.8
157051.1
159304
160012.7
161463.3
159700.5
159248.5
162931.8
162617.8
162587.1
163844.8
162613.4
156465.3
159050.7
161052.3
160600.5
159823.6
160804.7
162357.4
161318.9
164115.5
164565.3
165691.8
156208.1
157573.4
159124.6
160622.6
162174.9
161839.8
162978.3
161334.3
164375.7
164126.9
163237.6
156775.3
161928.7
165037
0
119907
147493.2
156250.4
159250.7
159781.9
158701.2
158442.9
161124.7
158002.1
159410.2
161009.9
160219
160043.4
158580.3
159516.2
161562
163284
162355.8
162557.5
162656.3
164592.9
163933.8
92431.6901
92056.0101
91427.8701
91828.9101
160210
166932.3
167055.6
158095.9
164102.9
160570
161367.3
166562.7
164249.3
164564.3
162479.9
166234.7
164341.4
162721.9
161816.3
163396.2
158910.1
159810.5
161059.2
161019.8
158704.1
160221.8
160323.3
160876.4
164218.2
163568.5
163617.6
164387.8
162797.5
164017.9
164378.8
162229.5
158491.3
159795.8
163465.5
162720.4
164744.5
162294.1
162598.3
167346.8
162521.9
163643
167888
159400.5
164902.3
159320.7
163152.7
163743.6
162979.3
164547.8
164090.8
165226.1
166693.1
164570.2
165756.8
166708.2
161451.8
162794.1
161035.6
159830.4
161771
160567
159399.6
162287.1
163245.8
163720
162550.4
165835.5
162496
164148.8
167193.4
166519.7
161853.3
160480.2
165905.8
163177.4
164950.4
163259.6
165958.4
164648.2
170439.9
171894.7
176482.4
169893.7
172822.5
170972.1
171420.2
171962.9
172298.8
171767.1
173532.8
173613.4
174782.3
175556.9
171010.3
170290.6
172739.6
171965
172997.5
172303.3
173347.9
172719.4
172367.6
173704.1
174817.5
169107.6
170529.6
170976.5
171309.4
171856.3
172043.4
172055.5
173273.5
174903.6
175032.5
174706.2
167906.6
169743.5
170565.1
172506.4
171056.1
174162.1
172018.1
173662.2
172575.3
172662.5
174568.9
169041.3
170804.7
171391.5
172574.8
171681.8
172782.2
171895.8
173964.2
173732.6
172686.7
171992.3
169817.8
172397.8
171643
172939.6
171605
171701
172633.5
172660.2
173667.5
173972.7
174596.1
168025
169910.8
171245
170852.9
172890.4
171268.9
171384.6
173537.3
175191.7
173144.6
175180.4
167750.4
169688.6
171367.3
169795.3
172851
172496.3
172507.2
174205.2
174612.4
172210.4
173084.9
168074.4
168708.8
169969.9
170654.2
173770.1
172419.6
172050
173613.2
172166.4
173338.6
174508.8
168318
170228.4
171015.4
170583.5
171088.3
171210.3
172728.4
172342.8
172597.9
172441
175263.4
166876.9
169473
170301.8
171202
171031.6
172570.6
172106.1
172453
171906.7
173175.4
172559
168181.6
170868.6
170923.8
170318.1
171923.3
172476.8
171408.8
173521.6
174210.9
173001.4
173705.5
168326.8
172472.6
171473.5
171616.7
174729.5
171889.8
172559.8
174729.9
175075.9
173087.5
175386.9
172346.4
174213.1
173786.3
173470.3
173231.3
171828.7
170847.6
171298.8
171705.8
170692.4
168812.6
171271.8
169967.4
169020.6
170018.7
171711.3
171055.5
171791.2
168067.6
174894.6
166312.7
169330.1
168027.2
169848.6
168229.8
169991.9
172453.1
172473.2
170882
171387.6
172270.3
165670.9
168195.7
170652.1
169529.5
170137.3
169313.6
169814.6
169490.5
170487.8
171217.7
171770.3
166338.1
169420.8
169682.4
170087.3
170047.7
170184.5
168699.2
166176.7
160961.5
162386
163612.6
165041.8
167923.1
171030.3
168849.2
169115
168564.2
163698
144446
167137
168148.7
167422.6
169546.9
167490.1
166237.9
160139.3
125850.4
167599.1
168162.7
168448
167444
167625.4
165677.1
158230.8
121925.2
166477.6
168957.3
169434.9
168270.6
168168.3
166507.2
156515.7
123730.4
165887.5
167268.4
167993.1
167185.3
167400.3
165356.5
156873.6
120312.4
166949
167348.6
166090.3
167282
167725.9
165014.5
155655
124078.3
166047.2
166690.5
169815.6
169402
168220.6
164690.8
154197.8
120129.1
167687
167070.2
166020.6
165834.9
168932.3
162222.4
156150.5
120782.4
166486.7
166740.6
167072.4
167353.6
167334.5
163726.9
155435.8
122977.3
165771.7
167286
167964.2
168258.4
166202.5
164176.7
156635.6
122453.9
166816.9
166794.7
168285.8
166379.4
167974.1
165733.9
157214.5
122511.4
165893
165558.5
167713.6
169189.7
168391
165513.7
157669
121921
165575.3
167726
167862
168505.3
165940
165956.7
156037.6
120509
166140.4
167415.4
165975.1
168041.5
168410.8
165880.4
160823.7
128686.9
167373.3
169051.6
167724.8
166895.6
168220.7
167994.3
165515.7
157789.7
133065
133964.8
134955.3
164849.4
164638.3
167600.7
167776
168622.5
169541.6
169538.4
168764.3
165611
167995.1
166960.2
164186.4
166755.3
168672.4
168411.2
168646
168062.9
166360.7
169135.8
169043.4
169638.1
169680.7
165667.5
165412.1
166826.3
165789.8
167497.9
170431.3
169153.4
168534.2
170756.8
170239.5
169377.5
165256.8
166739.6
166988
167354.5
168990.1
169835.5
168585.2
169071
170788.8
170330
170204.3
164734.8
165744.9
166579
168132.3
167264.1
169627
169752.2
169357
169929.9
171722.3
170670
164916.7
166428.5
166668.5
169228.2
167430
167273
169294.2
168091.1
170010.6
169820.7
170713.2
164639.7
166122.6
167117.5
168418
169591.7
168577.5
168855.5
168426.3
170531.4
171463.8
171117.8
165153.3
165467.6
165490.8
167614.7
168619.3
169627
167831.7
169959.7
169672.3
171229.8
171135
164281.3
168665.6
171228.1
173749.9
174038
172106.8
171024.7
171600.2
171853.2
172189.4
170533.4
171382.9
169161.3
170258.8
170681.7
168580.9
168926.4
169466.4
165162.8
165455.3
168135.2
165493.3
166946.1
168291.1
166941.8
170111.1
168398.9
170028
169573.5
169676.8
78170.8
76903.81
78429.74
78951
78276.08
78344.01
79088.8
78399.58
0
0
0
0
0
0
0
0
0
0
0
0
0
0
0
0
0
103999
168643.2
175189
179677.6
168441.5
169655.8
171969.4
174553.9
173957.4
176825.3
176273.6
177236.1
179448.5
178505.9
178956
168105.9
170802.4
172062.6
173006.4
176159.9
176295.8
178214.7
177302.7
177900.8
179134.8
178996.3
171163.6
178001.9
178984.8
179719.8
177187.5
177909.1
177325.5
177893.7
175861.6
175306.7
173881.1
173552.9
172305.6
170586
171224.3
169266.2
171646.9
171082.2
173371.3
173631.5
174763.3
175840.5
178052.8
178276.8
177548.1
179021.7
179794.5
173502
182621.5
182750.6
172531.6
182853.1
170393.7
179274.4
182423.6
183502.6
180571
175011.8
179923.6
182772.6
178560.7
178997.3
177207.5
180205.5
173086.8
175785.6
173655.9
173792
175478.7
177842.3
176828.7
178649.9
180313.4
177959.4
180048.3
180844.3
181612.5
182754
181769.9
177375
175947
178039.1
179619.4
181256
181488.4
181580.5
184931.2
173746.7
183036.6
187470.8
176816.7
177384
178395.2
178516.1
179893.1
182225.5
183879.1
184225.3
184329.7
183389.8
185033.5
176489.2
175363.4
177920.1
180403.8
182481
180891.3
181792.6
181983.4
182037
182091.6
184697.8
176200.5
178849.4
185651.4
184145.6
184539.3
185228.3
182650.5
182486.3
180490.4
182961.2
182300
176049.5
182643.7
177794.2
176168.5
177360.9
179664.3
178214.6
181602
180456
181783.3
179098.5
182213.9
181729.9
181159.4
182855.6
184071
178732
179218.9
186250.5
176213
179778.1
177058.8
178019.8
181061.8
180607.1
180856.3
180576.3
183600.6
182971.1
183231.5
175413.2
179173.5
179388.5
179334.6
179362.4
178476.8
176263.1
179472.8
176898.5
178298.2
180559.7
175569.2
177617.2
177197.2
176074.4
177629.8
176304.3
174371.1
173730
172758.8
175591.3
179759.1
175385.5
175009
174985.4
174865.5
174432.8
174639.7
172692.7
169045.3
167209.3
168508
171392.1
172627.2
172971.5
174236.7
170126.9
171106.1
166520.9
163995
157987.5
155361.7
158691
164268.1
171126.1
170892.6
170996.8
169167.5
165182.2
159959.9
153122.8
146456.2
140335.3
142884.1
147240.6
169936.8
168963
166925
163367.3
158986.8
151215
141614.9
126408.2
114572.7
114646.3
121964.5
169176.7
165282.6
163136.8
156852.5
151421.5
139371.6
124571.1
101755.7
164532
161187.1
157678.9
150162.9
138295.9
121231.1
92705.6301
41933.31
160729.2
155698.3
150201.5
143396
127691.2
108868.9
76148.47
24979.03
158676.4
154767.9
148532.2
137815.1
120646.8
100282.6
69927.59
22684.78
160218.4
152489.9
146225
133771.2
119483.6
99182.5101
66385.51
22990.94
157309.9
152227.6
144486.9
133703.4
118067.4
96816.5201
62405.3
21464.87
159316
151633.7
144056.9
131834
118480.3
96343.7701
62684.89
21798.13
153776.5
147416.4
142170.8
130959.6
116400
92619.6701
63156.91
22138.96
156100.6
150649.7
143586.2
129871.9
115928
95952.6501
60756.33
21614.21
158547.7
149256.1
143472.6
130255.9
115316.2
92891.5301
63313.48
21993.39
157946.9
149056.1
143551.2
130368.6
115137.1
93427.8401
63251.27
23112.02
154410.3
147796.3
140857.4
131104.5
116783.6
90890.2701
62511.18
22715.74
156440.6
149053.3
141154.2
131114.8
114021.8
92292.7001
60669.35
23054.95
156527.8
151178.6
142470.8
131808.4
115344.9
92489.2001
63598.93
23862.86
156517.5
148739.9
141121.2
132048
114956.8
91951.3301
63209.83
23298.67
156051
147044.6
141163.1
131445.3
114656.4
93967.1401
61699.37
23287.31
156044.6
151870.6
147093
142520.3
133214.5
123000.3
111996
92075.6601
73804.9
48231.41
17961.72
0
183921.3
184356.9
174684.7
182024.5
183945
181082.5
184146.2
183464.2
183182.4
180072.2
182572.2
180760.7
79930.73
80694.98
80809.9
79920.37
0
0
0
0
0
0
0
0
0
0
0
0
0
0
0
0
0
0
0
0
0
82319.21
75955.64
0
71097.23
66994.89
62179.46
56085.6
48602.27
39948.31
27432.74
14180.36
66084.27
62712.62
56812.05
51684.6
43081.32
34867.21
24954.94
12059.74
62059.32
0
58556.31
54586.45
51282.63
46946.93
42079.33
38182.46
30594.86
23271.95
15377.76
6357.59
11896.49
25818.38
35173.4
44154.11
51204.88
58947.92
62155.93
67506.24
69962.24
73389.81
0
0
0
72540.89
0
100863.7
94863.9801
92084.6901
82555.43
71241.48
57042.77
37392.2
13604.68
116769
110398
101846.3
93563.1601
78785.91
61116.41
39959.97
16138.13
124514.8
114682.8
108332.7
96242.3901
80697.97
63205.51
40615
14556.38
126802
120529.1
107879.4
98711.2901
82969.7
64300.6
40300.92
15876.52
130118.2
117993.2
110226.4
98818.9501
83886.96
63069.01
38955.92
15077.98
127192.1
121115.7
111818.3
98758.3601
81501.84
62967.13
41265.92
15812.12
129456.9
0
8814.005
21710.1
32879.6
39898.96
49328.56
55313.43
60259
63783.44
68160.16
72872.27
121744.4
116193.2
109397.7
99491.3901
89450.37
75495.05
61138.08
44981.8
28409.42
9956.10401
0
0
0
0
0
0
0
0
0
71194.7
0
60748.55
59443.98
54931.41
48568.45
41364.96
30974.16
21099.05
9093.56401
54695.48
50177.84
45927.84
40043.38
33639.11
25792
17736.72
8488.244
46294.04
43200.38
38473.66
34827.7
28957.63
21082.03
13973.67
6548.506
37355.82
36660.05
32044.46
28460.08
23078.87
18193.85
11333.11
5515.929
32405.97
32812
28661.17
24048.17
19900.14
15223.82
9614.75301
4789.463
31455.27
29810.67
27066.67
22561.25
17485.58
14962.23
9569.97801
3341.243
29263.54
27686.99
25670.68
22112.28
17226.44
13209.44
9242.15601
3298.145
29364.53
28118.8
24425.24
20548.98
16761.6
13457.23
7359.999
3609.88
30482.45
0
6416.445
17591.93
25827.71
34434.32
41799.98
47155.82
54187.3
59396.93
63216.22
68874.37
28477.67
25643.6
23762.63
20678.92
18179.09
15523.38
13146.82
9215.41701
5940.042
1707.839
0
0
0
0
0
0
0
0
0
0
0
37667.91
0
44974.34
40181.46
38231.57
29407.97
25056.12
18844.53
10437.54
3861.974
47282.33
44171.66
37346.92
31333.87
24905.3
17014.39
10198.39
3393.358
49488.52
45088.12
39197.73
32331.89
25056.6
16938
9570.41801
2755.982
0
49380.91
47175.45
40377.23
33445.02
27071
16817.86
8743.976
3861.648
50506.4
46282.27
42322.29
33655.49
26693.01
16274.4
9304.58701
2508.049
52300.67
0
2639.506
7576.243
11241.63
17139.44
20246.92
24685.68
29134.18
31838.55
34273.47
38060.78
49829.51
45099.99
39120.86
34102.11
27318.59
21335.59
14206.13
10136.34
6179.54
2170.678
0
0
0
0
0
0
46129.46
0
48863.11
46425.14
38306.47
35222.93
28158.42
20710.04
14278.85
6473.96
45096.84
42982
38710.29
33079.02
27192.53
20089.13
14169
6054.712
42720.85
43782.59
36353.76
32359.91
25694.07
18957.74
13296.51
6712.272
42566.91
37508.2
31500.82
31042.95
24008.14
18907.89
11371.02
5515.546
35027.3
33914.05
29604.45
25438.46
20918.17
16096.09
9888.35801
3469.469
0
33316.53
30502.59
28785.45
24551.27
20388.88
15187.74
9441.23201
3644.193
31832.38
32636.29
27089.11
22888.46
19085.11
14488.6
10094.64
3241.085
29523.86
28980.77
24775.39
21756.18
16895.92
12830.95
8251.324
2878.654
29391.23
26969.33
23099.9
19322.75
15688.64
11404.26
8010.667
3236.414
22596.4
0
4235.08
9753.89601
15886.96
21263.43
26165.74
31388.11
34396.73
38795.88
41949.25
46848.83
22472.94
19373.73
18533.89
16818.82
14804.55
11741.47
9890.82601
6375.127
4051.46
1691.021
0
0
0
0
0
0
0
0
0
0
0
0
29913.21
0
30689.02
26677.29
23226.5
17392.49
14930.04
11123.75
6136.324
2298.801
18581.37
17034.34
14257.4
10438.22
8568.342
5788.271
3399.711
650.1679
0
0
2068.53
4073.56
8089.015
10522.37
14450.42
18675.38
19706.53
22809.18
26978.52
28728.18
0
0
0
0
0
0
0
0
0
0
0
0
0
558.2834
0
792.0707
573.1229
0
0
0
0
0
0
0
728.7706
474.3613
0
77.74584
0
0
0
825.4769
0
0
0
0
0
0
0
0
174.6534
223.1258
450.7088
762.2101
0
483.5201
0
0
0
0
0
0
0
0
41941.7
0
46405.61
42007.15
35019.14
30333.85
22543.84
16277.31
9661.92801
4646.784
49128.09
44252.39
37653.81
30095.57
24660.07
17475.3
11154.99
4331.21
49162.82
46949.84
41935.84
31967.17
25209.29
20050.33
10645.06
6040.284
53458.2
48095.1
41709.05
35072.77
27949.42
19580.91
12653.58
5269.559
52544.11
0
2274.428
6827.698
10701.5
15163.58
20717.05
24293.4
28830.65
32192.01
36890.86
39902.04
51126.07
45918.86
43765.62
34821.61
31087.59
24162.83
20473.74
14459.32
9079.19301
4042.432
0
0
0
0
0
0
68721.54
0
65390.11
60523.09
55696.85
49804.13
41949.34
32728.43
22939.61
10661.02
63482.63
61781.56
53050.31
49011.11
42301.31
33269.51
22463.48
10578.71
61024.55
59552.52
51797.48
46956.34
39757.09
32143.48
22045.97
11607.92
62184.52
58517.5
53405.75
47335.8
40609.78
31392.46
22718.21
10204.61
62293.78
59991.12
54038.64
48080
41269.92
32821.96
21627.45
10077.89
64514.47
58455.69
53916.89
44836.37
38797.93
30653.51
21664.51
9104.30201
64320
0
7899.568
16408.85
25570.56
32453.55
38163.2
46491.21
49385.15
56622.34
62511
65523.69
60676.64
58449.76
52530.53
48789.33
45207.82
39032.9
31093.46
24209.3
16621.46
7438.065
0
0
0
0
0
0
0
0
65117.23
63892.29
55548.25
50408.66
45356.05
37042.93
30562.97
19335.26
9104.43001
61526
56732.7
49851.64
42647.97
36167.27
30399.19
20994.38
9632.64801
65435.84
57765.42
51561.02
47284.69
41083.31
31099.54
20789.11
9796.70101
62815.42
58635.09
53656.45
46709.07
39291.59
31616.76
23363.9
11105.56
63442.53
57879.81
51845.38
45894.79
41062.04
35161.05
22953.45
8643.063
65314.55
58381.7
55048.42
51679.13
42621.61
32940.37
22205.6
8231.671
65478.06
59047.34
56001.93
51968.31
42810.42
34368.07
23219.51
5985.206
63138.14
61334.23
55531.09
51370.63
45533.47
34100.11
23847.27
7360.671
64621.9
59021.67
54881.88
50741.23
43842.17
33798.93
22344.77
6309.13
62284.95
58373.47
53514.61
47980.82
44645.5
36907.14
24683.24
5399.014
62154.64
59982.09
54099.86
51420.66
45718.77
38080.73
27744.33
7422.709
63941.37
60212.4
57233.16
53500.68
49482.81
43092.69
32760.52
15674.5
59992.43
59672.29
57433.95
52993.48
51935.61
49612.74
38892.28
20851.07
62818.64
58820.73
61338.16
56758.02
54277.54
49042
43313.75
22668.49
60274.59
60905.91
57401.85
56808.75
52761.23
50440.27
41054.36
23557.07
64070.58
58561.02
58287.11
58030.73
54146.47
51732.59
42684.38
24118.24
57928.75
59032.12
55489.81
56038.82
55904.78
49715.43
42167.54
24413.23
57963
52885.26
58605.71
51145.11
50335.53
47588.39
35358.67
19772.16
55282.04
51967.93
53300.57
48117.76
45206.41
38863.66
30014.48
12336.71
51178.48
52196.4
47324.86
45366.63
42195.88
34534.06
25070.23
5113.153
47839.27
49411.04
46110.82
43446.96
37434.93
30902.43
21415.03
5596.458
48227.59
44259.14
43774.56
40060.93
34963.07
29838.14
21087.38
5063.627
42623.79
0
0
7013.244
15242.66
21405.53
28583.65
36526.58
40753.63
46186.22
51448.5
55529.71
60580.37
39596.2
35813.84
38274.96
35882.27
31755.67
28024.74
25246.34
17010.91
12032.98
2634.144
0
0
0
0
0
0
0
0
0
0
0
0
0
0
0
0
0
0
0
0
0
0
0
0
0
0
0
0
0
0
25531.88
25134.27
23750.13
23257
22189.62
19537.43
16690.54
12883.51
6985.216
26965.54
27706.7
26525.44
24217.92
22880.83
21706.7
17164.9
10839.54
29451.52
28793.44
27554.92
26615.37
24264.88
25357.81
20753.44
16055.47
32278.62
29793.42
29065.22
25759.93
24996.29
26572.79
23535.59
16691.82
30828.51
32214.65
30885.22
30156.69
28620.85
30083.77
24843.84
19821.67
34579.32
33887.67
30861.51
33337.99
30904.83
31117.75
27830.26
19548.5
35684.28
35483.17
34428.73
33394.04
33071.51
32592.25
30986.86
22356.4
37966.14
36551.43
37042.36
35890.09
38186.13
34296.95
32735.39
25016.99
40289.59
37698.48
39182.29
38559.86
37859.43
37170.68
36735.25
27740.57
42531.57
41794.48
41834.98
43650.48
42577.93
40120.02
39030.36
29600.83
46866.31
44704.57
44789.5
45345.04
45239.63
45688.99
42569.92
33406.98
49340.45
49243.02
50722.15
50940.77
50029.27
49460.2
46804.23
38505.43
53949.77
54787.82
55522.99
54964.43
53670.47
51738.71
49575.02
42022
56485
59650.7
59060.23
59413.65
59042.78
56496.77
55768.25
46150.19
65693.86
64022.1
62533.82
64110.29
63545.41
63676.07
59301.6
52005.3
69678.96
70920.28
70354.88
70183.66
70201.05
69811.91
67278.42
56778.08
77700.64
76247.97
76445.59
76396.3
75298.34
73445.59
71363.84
60664.19
79540.73
81845.43
83074.42
81639.88
81951.66
81724.99
77584.83
65887.23
84664.5
86628.96
85191.16
86052.44
86175.18
86809.84
82758.73
71790.23
85705.67
0
0
1391.614
5944.561
10426.44
13708.29
15726.98
18125.32
18501.12
19397.1
22735.91
22411.98
89614.4601
90547.4501
89630.4301
88621.27
88328.2
88966.06
88185.85
86687.98
82829.87
70840.55
0
0
0
0
0
0
0
0
0
0
0
0
0
0
0
0
0
0
0
0
0
0
0
0
0
0
156527.9
0
158244.1
157325.7
156245.3
160886.8
158037
157163.7
150027.8
125105.6
155448.2
157892.8
158719.1
159638.5
159047
156965.5
153497
127207.9
157109.9
155860.1
157649.5
159361.3
158431.9
158427
150686
128242.3
158379.6
159041
159744.9
157647.3
161767.9
155691.6
150194.8
125570.3
158063.2
158326.7
157900.1
158614.8
158338.2
154909.8
148293.4
126303.6
154783.8
156426.1
159094.5
159209.8
159446.1
154572.9
152310.1
128855
155810.1
157484.7
157535.8
160860.6
160691.6
160051.7
146192.2
128180.2
156074
157769
157279.7
158275.3
158398.8
154854
153217.8
127654.5
156539.9
156879.2
158042.5
156821.9
158800.5
158779.9
148697
127311.4
155808.6
156587.3
157505.6
157599.4
158989.5
157025.6
150506.3
128958.8
156790.1
159080.6
157885.7
158041.2
157809.4
158262.6
152577.8
127234.8
155662.8
160506.1
158467.8
160968.5
158225.4
157648
153700
127167.7
154703.1
0
117063
148235.4
152982.9
158837.3
158646.6
159913.1
157809.2
158974.1
158452.1
159094.3
155251.3
156689.9
159173.3
158415.6
158150.3
158247.7
159252
155167.5
143734.5
119948.2
0
0
0
0
0
0
0
0
0
0
0
0
0
0
0
0
0
75816.42
31094.93
59765.76
59016.2
57694.27
54501.64
46325.93
29501.04
43775.68
42275.19
39995.21
35607.78
26602.03
9416.40001
28843.7
26956.42
14859.01
0
0
0
0
75581.28
77302.44
75836.63
77306.84
77169.86
77559.8
77305.42
75876.2
29738.29
28053.02
24195.46
20171.79
7076.971
1210.753
29118.89
0
86776.56
83097.67
78464.45
69769.97
53898.93
26245.81
105352.8
99265.4701
94421.4601
84820.4
69076.81
33789.46
109717.1
105145.8
98710.2501
87109.34
73690.29
40388.12
98529.8801
97010.6901
92656.0701
82266.56
66383
38869.05
64615.14
59892.7
44860.25
0
0
0
0
0
0
0
1621.599
9224.03601
16140.69
21442.5
24831.28
27054.53
27700.38
27910.09
63597.36
62936.11
56509.75
51974.55
33833.86
18342.05
44637.77
0
56733.99
58157.31
54199.52
50270.7
43565.6
28378.39
69149.16
68244.83
68021.33
64647.98
58638.31
43209.95
81443.64
82639.23
84923.05
0
0
0
12435.84
23419.3
29598.2
35077.91
39240.78
41148.61
43321.5
44442
82274.34
83101.1
85497.17
83878.17
82762.43
84129.36
82438.68
173542.8
174183.9
172189.3
172005
174331.7
173159.2
172271.8
172884.9
172437.9
171019.4
172281.9
174103.2
172304.6
171271.2
172892.9
172883.9
173117.8
170838.5
172114.8
172470.4
173276.4
173499.3
170508.3
172778.6
172685.5
173316.4
174791.5
172347.9
172458.3
172672.3
173265.6
172590.9
171562.6
170859.5
172347.5
173438.1
173952.9
169909.7
172302.3
172301
172762.8
173324.5
171937.8
168759
171945.9
171475.6
172317.9
170089
173347
173323.3
174795.5
172124.9
171145.3
172452.5
172303.1
172755.6
172343.1
170182.1
171720.4
170443.2
172791.9
174299.5
170860.3
170807.7
172021
172286.6
174172.8
169965.4
172620.2
173903.5
172010.2
174261.8
172786.3
170755.5
171989
170035.3
173304.9
172446.3
171925.6
189866.6
189677.9
188742.9
188992.3
190057.6
189901.9
190761.5
187648.4
188863.3
190394.5
190452.4
191299.7
190655.4
189609.1
190865.5
189377.8
191339.3
190387.3
190182.7
189855.6
190970.5
189859.7
190166.6
189372.2
191464.6
190710.4
191306.4
190279.7
189903.3
190767.8
189878.9
191050.1
189236.7
190702.6
188974.8
190438.6
192846.2
192716
190514.5
190610.8
193108.2
190465.9
190515
192384.8
191271.6
192049.7
191440.9
190467.9
191482.3
188649.6
191201.9
192080.5
189244.6
192151.9
191770.3
191278.6
192144
190527.6
190153
192078.1
192480.6
190966.3
190564.8
191082.8
191563.6
192763.1
192915.2
191232.4
190304.6
192472.6
192594.3
191564.4
191947.4
193313.4
191823.2
191542.8
192715.1
190354
190296.4
193178.6
191569.1
193609.8
191826.2
191900.7
192876.2
192982.8
192918.2
191958
191748
190648.7
192084.8
192431.2
191723.1
191354.7
192747.2
190364.8
192914.8
190912.3
190894.7
193333.6
191079.6
193076.9
191413.3
190459.1
192332.8
192533
194077.4
193197.6
192624.4
193039.2
192305.3
194902.7
191693.8
191284.3
190051.1
191776.1
194303.6
193990.5
192443.5
193191.1
192424.5
193076.7
191896.6
192889.3
192459
191042.7
192941.8
192346.4
192670
192758.6
192736.7
192111.9
192281.5
192943.8
192664.3
193570.5
193507.5
190942.3
191507.3
192643.2
192250.7
193859.3
192595.6
193310.4
190315.6
193744.7
193262.7
191207.3
190990.5
191719.5
192438.7
193812.5
192407.1
192794.5
192005.4
191936.3
194001.5
192078.2
193915.9
192617.1
192682.1
194293.3
192222.2
193038.7
191707.3
194035.9
193634.9
192284.7
193021.3
193023.3
191960.1
194090.3
192285
192191
193500.2
193997.6
195188.5
192276.2
191640.5
191942.8
194714.7
192211.8
192396.4
193333.9
191959
194249.2
193902.1
192257.3
194818.5
192469.3
194084.2
193614
193343.3
192370.3
192734.9
194095.9
194941.5
193140.3
192700.1
195632.3
193289.9
193732.5
192956.4
194120.3
195547.6
194174
194615.2
193323.7
194887.4
191523.7
190324.5
189918
190356.9
189958
192972.7
193091.6
195005.6
193609.3
193218.9
120534.5
119823.3
117390.3
119643.8
119101.1
117972.9
117408
114704.5
114618.4
115503.4
116290.6
115606.1
111424
113542
114047.3
113549.9
114037.2
110913.9
110412.1
110263.7
110179.9
110052.6
108274.7
107337.5
108372.3
109234.5
109335.3
106155.5
106503.9
104835.8
106823.3
105777.2
105468.2
104560.2
103669.4
103822.4
102736.3
102209.6
103645.6
102648.2
103043.8
102580.9
101269
101255.6
99780.0201
99985.3401
100520.8
100037.5
100355.8
98272.2701
99309.4201
99954.2401
95220.2801
97193.8801
96539.1601
96220.3801
97402.6601
94774.1301
95005.5201
94609.4801
96487.8001
96081.8201
92454.7601
93982.7501
93803.7101
93528.1301
91975.8701
91396.4001
90653.9701
90754.9501
92048.5301
91479.2301
89552.5501
89797.4101
88868.4
119440.7
121744.1
123162.8
120340.7
120071.7
88870.48
88420.89
89381.88
87991.39
103816.4
112726
117697.5
120125
118787.1
120418.2
119334.3
126203.4
124592.3
128720.1
128308.6
127303.8
130311.6
132578.3
133663.8
132606.8
134086.4
136324.3
139019.5
140128.8
142287.5
139951.1
145845.8
141803.9
145088.2
145443.7
143445.4
148153.8
146705
148209.6
150115.9
150370.2
152842.4
154498.4
156149.6
155812.6
154366.6
158561.8
158311.1
158082.2
156028.1
159672.1
161588.1
161244
164417.4
162527.5
158793.1
163652.9
163632.2
165391.6
165463
164655
166644.1
167317.9
167895.7
166315.8
167209.8
168679.4
168371.2
172412
168453.3
169430.5
172111
169529.4
172695.3
172559.5
172418.1
171730.8
173941.1
175149.5
174182.4
173614.3
172978.3
175843.7
173348.3
102868.2
105297.6
103948.8
103659.6
103433.3
173317.7
175543.2
175863
176997.1
110973.5
108991
106862.3
109514.5
108715.3
110621
108880.9
106673.3
108386
107074.3
107597
107819.2
105845.3
108056.9
107456.5
106800.8
106469.1
103305.9
106844
103455
105021.4
103868
104378.3
106287.7
104474.3
107337.6
105147.2
105631.3
104743
103365.2
102825.5
103200.6
102658.8
104525.8
103781.1
103102.1
100757.2
100471.4
100847.5
103833.4
101992.2
103634.8
101208.5
98921.6401
100506.1
102006.3
100710.3
99172.7901
99897.7701
102108.5
100573.3
102272
100511.4
99535.4801
100381.6
99654.8501
99611.2801
98342.7301
100255.2
98711.9201
102607.5
99901.3501
100139
98382.9101
100249
100668
99716.2301
100924.1
102260
110960.3
109625.6
109882.9
110369.5
109489.3
97263.8401
97762.3101
99728.9601
99604.0001
99210.1301
116244
122622.9
114124.6
116307.5
119708.9
120488.5
118440.8
114515.5
115964.8
114347.8
117740.8
115882.1
109872.6
112379.6
113920.3
113578.4
115446
110681.4
112916.3
114498.6
114419.7
110592
107347.2
110712.6
111102.8
110331.9
111198.1
104773.5
105759.9
108326.3
107830.4
109547.6
104708.3
101741.3
107931.9
105516.1
106582.1
103131.5
102382.3
99781.4801
101371.6
103569.1
98503.0101
99116.2401
98071.7701
100915.1
98456.0801
97866.3201
97070.5301
98133.1201
97370.1301
99039.9301
92367.2701
93265.7701
94867.7701
93695.6401
96291.0901
92126.4701
92228.8201
89223.03
93592.9301
92526.2401
88037.72
88511.39
89292.21
90917.9501
88182.66
83610.7
83595.69
85029.59
86981.56
87258.42
72855.91
82270.77
121261.1
119879.2
117137.3
121902.3
120219
73752.44
76510.08
74135.61
74262.05
74369.76
53356.36
57194.96
58310.14
57356.96
58460.86
55820.04
58201.55
60558.94
58809.76
60908.89
59383.32
60108.7
59973.28
62212
61576.46
61066.34
60424.83
61736.57
63395.95
63011.28
62575.72
63032.91
63482.86
64676.11
64707.34
65262.92
63879.13
64083.72
66331.31
65338.3
65870.44
66226.32
70779.52
66711.89
69253.09
71031.53
68468.41
70363.45
73235.3
74007.58
75973.11
76028.66
76692.43
78887.81
78433.58
78809.47
82067.74
81484.68
82601.07
86105.07
85695.2
87359.93
83603.52
86719.72
89438.94
89905.7001
90865.1001
92036.5401
93522.5101
91346.9301
92775.2901
93905.8101
93959.8601
96800.3001
97448.8201
96917.5901
97386.5801
98589.9901
101352.3
100654
98437.7701
102657.1
99971.3601
107238.1
102875.3
100913.2
105752.2
104570.1
103117.7
107150.8
106110.2
106088.8
107898.9
109347.5
108715.2
112907.8
111478.4
107550.8
113258.4
110457.3
114020.5
112526
111602.8
113618.5
111099.2
114960.6
115758.3
113571.7
107897.7
113619.9
113713.5
111884.5
113861.5
114076.9
113759
115910.5
113640.1
116563.3
115392.9
114122.8
116518.1
117871.4
117254
115049.3
117091.1
114877
117666.8
119379.6
114910.4
55043.24
53892.1
55654.04
55128.08
53737.04
114880
117042.6
113847.6
118604.8
117910.8
165208.8
165060.3
164829.1
164827.7
166119.6
166743.1
165034.3
163394.9
166018.4
164961.3
165459.7
167964
162216.7
165066.5
166076
165411.4
166916.6
163061.5
163992.3
165966.3
166137.9
166664.7
162638.1
165222.9
167071.9
168461
166218.9
162866.7
164584
165062.4
166153.4
165461.2
163368
163953.6
165514.2
164693.3
165157
164670.6
163610
164661
165515.1
165225.3
162788
166344.5
164946.4
166536.8
165809
163954.2
162528.9
161921
164885.5
165873
164429.8
164348.3
164822
165091.5
165373.4
164323.7
161572.6
165163.7
164635.3
166675.2
162188.7
163559.2
165432.1
165113.6
166302
163439.6
165506
166129
167444.2
165149.9
161973.6
163715.6
163256.8
163078.9
166156.5
164555.9
164529.8
96168.2601
96036.7501
90628.4401
93381.7501
92732.2601
94070.9001
94160.9701
85986.19
87714.67
89556.9801
89656.5901
88631.76
81824.27
82874.2
83511.09
84874.55
86687.87
77722.8
77082.7
78490.88
78871.3
79951.73
71637.69
70889.36
73349.76
74042.62
73608.26
66082.86
68163.34
67508.89
69656.59
68929.27
60500.52
63250.05
62638.85
64259.72
65364.36
56923.43
58991.31
59184.57
60413.23
60195.55
52804.36
52075.98
54540.9
54754.75
55603.75
48865.39
51963.42
97793.7001
98692.5601
97462.0901
97578.2401
94733.6301
48491
50500.4
50259.38
51116.39
51062.71
0
0
0
0
0
0
0
48.66195
0
0
0
0
0
0
0
0
0
0
0
0
161.3075
0
0
0
0
53312.15
2104.187
4157.867
7788.612
18819.32
50673.14
20204.46
22832.3
26783.1
36182.52
49793.6
28704.92
32320.92
34916.41
40084.61
44541.44
33020.93
34411.87
38126.3
39234.4
42250.74
35659.09
35382.02
37837.85
39779.34
39316.88
31352.32
32853.89
34054.16
36224.2
37835.8
29086.84
28833.04
31351.53
33514.19
33809.75
28846.06
30954.71
0
0
0
0
0
28443.12
27753.79
29544.73
30283.74
30431.4
51333.86
60819.09
54439.54
54604.65
60034.65
59559.71
60272.19
55835.97
59481.27
60769.95
61942.15
62950.17
62112.75
59685.55
64092.05
64065.8
64664.95
60474.08
64172.04
63156.82
64908.54
66020.13
62416.69
66299.45
65564.88
67254.12
65234.11
65171.19
65428.31
66776.56
68715.86
65689.27
64509.72
69338.81
59044.67
57693.71
55851.7
53437.91
48088.48
66625.42
66236.15
67168.28
69263.41
68500.76
13712.08
17694.56
12404.54
15169.86
12241.61
14045.83
17262.58
16234.26
14366.91
16064.24
16131.3
10900.97
10594.76
13076.33
11622.39
13725.26
13511.26
15163.97
38044.92
61287.77
59068.63
60301.95
62543.67
61654.41
62318.57
59510.07
58108.49
61052.89
62670.46
64761.9
58746.89
59102.34
59822.72
62058.43
62043.54
60826.99
60883.91
61366.88
61183.57
62109.1
59814.15
62417.87
63727.07
64028.63
62979.93
62173.61
60574.69
64223.6
61968.68
64132.19
37053.89
63346.07
41938.61
40527.99
40452.27
39720.94
40807.65
38753.21
38565.84
39894.8
38466.38
40229.52
12422.62
13866.41
14016.19
15018.4
15203
17398.35
14313.2
14462.23
13626.94
13623.36
12860.54
16873.71
15884.54
16072.48
16348.17
16571.42
14718.98
15934.33
65806.7
70439.95
65950.96
68262.41
69835.41
69531.84
68439.83
63834.05
63481.99
66942.2
67995.7
69903.51
60929.17
64333.65
63002.37
67178.75
68756.74
50140.27
65861.22
67436.98
67077.87
67387.77
66791.64
67436.95
51231.38
50430.31
52711.48
51627.58
52351.08
23916.66
25768.33
24578.55
25966.69
26435.19
26891.14
28213.84
28507.34
27124.52
28808.58
30508.15
30408.52
29164.79
30949.4
30497.59
31845.59
32561.29
33726.86
34455.96
36030.05
34304.98
35867.36
34865.18
36140.34
37404.35
38579.51
40035.78
39214.05
40766.99
41125.56
42349.64
42580.43
42221.53
43721.25
44755.72
45093.39
46513.13
47824.3
46877.47
47319.66
49233.9
50821.9
49206.77
51176.83
53169.84
54613.6
55013.41
55307.66
56312.54
57328.73
59380.63
59833.99
59048.31
61492.66
62062.16
63391.92
65039.96
66116.52
64846.09
67284.15
68423.93
69819.17
69942.33
70905.88
73586.27
74333.41
75730.88
77444.63
76739.38
78499.05
81191.52
80170.59
81665.09
82333.15
84786.66
86095.76
87066.51
85437.7
86909.4
87136.76
88711
89782.2201
88825.83
90432.4101
91043.5501
90514.5601
90849.7101
91740.0401
92246.0201
26138.86
25312.19
24355.88
24920.57
23604.01
90864.3001
90637.5301
90734.2801
92213.3901
93071.5401
163106
165532.6
163157.1
164230.1
163294.7
165966
164900.1
161958.5
161816.5
161626.4
164228.2
162808.8
164927.5
163792.9
166098.1
165598.3
163561.5
163614.8
164029.4
164259.5
164880.9
165072.2
163221.1
164804.8
162093.7
165195.6
164924.8
164298.1
162814.7
162961.6
165498.6
165909.9
161417.9
164089.2
165412.1
164869.4
162381.2
162852.5
163415.9
163339.4
166005.5
166834.7
162627.5
165569.2
162922.1
165453.2
164192.9
162472
162942.5
165337.3
165489.8
163975.2
162832.9
163283.2
163238.7
163841.5
165831.8
162092.1
162634
164674.2
163937
163874.3
163091.4
161987
166584
164008.9
165595.8
162949
167062
164697.2
165725.9
163039.3
163314
161995.7
162948.6
163586
161604.9
162379
164225.4
89417.19
92582.3401
91753.2401
95446.0401
94037.3001
100056.3
97967.4601
102520.2
101595.9
104181.7
106577.4
109872.9
108384.6
111602.2
111750.5
115755.3
116426.6
118774.2
118427.3
121673.7
121643.5
121952.8
125441.1
127129.7
128184.9
129839.2
129711.4
132713.4
132388.8
98488.1901
130351.9
136201.5
105345.7
115076
135005.5
135749.1
131985.6
85120.73
84719.74
82811.8
83621.91
88884.68
91594.7701
93261.3401
97568.6001
100486.9
101724.7
103145.4
108034.4
109118.4
110522
116276.2
116659.5
118575.4
122501
123721.5
124502.2
127373.1
130970.4
85317.51
82923.04
100874.5
164653.9
160870.6
164165
161040.7
160495.4
156432.9
157663.4
155665.3
155437.4
150044.8
150248.4
143936.9
147806.1
142138.2
141364.1
134771.2
136876.2
128791.5
130888.9
124275.9
125122.1
116830
118616.1
108981.2
109049.3
101144.1
103384
96471.8201
95079.8801
88305.59
167524
163439.2
151948
122944.8
111007.6
78354.72
82406.14
81510.2
161723.4
160093.2
155875.3
154523
152319.5
151196.6
147287.8
146454.2
139598
139541.3
132098.9
128551.8
123972.6
118031.2
114040.2
106948.4
102830.3
97951.8401
93066.8201
80867.77
83034.5
82487.43
88006.08
91933.4701
93252.5901
100554.6
100487.1
104462.5
105127.1
110382.9
109675.4
114164.5
115208.8
120699.2
121450.3
124644.9
125713
129259.3
129931.2
133849.5
133593.6
137352.1
136860.6
137967.5
139938
104356
114327
136948.3
142566.3
143719.5
118037.2
127606.1
141549.6
143884.5
145043.9
127310.2
136281.8
146365.8
147357.8
148322.5
130883.6
150734.2
139905
143568.6
147620.1
147633.4
149054.8
137558.2
77872.81
78817.63
77387.51
79580.46
90307.7701
95338.6401
99960.0601
103416.9
106835.5
110866.1
115584.2
119354
121040.8
124883.3
129217.2
130992.4
133998.4
136640
80176.9
79901.63
121430.3
166848.6
166027.6
167187.9
165346.9
166925.7
164884.9
162663.7
162390.8
166328.3
161250.1
163956.6
161301.8
160174.5
159659.7
159607.1
156703
160167.3
155189.3
156975.9
158057.8
156892.7
156365.4
153645.2
153189.8
152922.7
148932.4
149124.1
146021.8
146454.8
145506.7
143188.9
140795
142344.8
138137.5
136125.2
132077.4
132684.9
127881
128137.3
122411
122620
116482.5
117210.8
109736.5
110625.9
104230.3
104184.5
96780.7101
167134.6
166555.5
167452.7
141968
128833.2
101400
101025.8
102245.1
166533.9
163945.8
165164.1
164883.1
163646.8
160530.6
158763.1
158655.2
159430
159596.6
155767.2
156266.9
155731.2
153453.7
152123.8
151268.5
149097.8
147142.4
141030.6
140839.7
138216.7
135402.1
133257
129078.2
124842.4
121403.3
117329
111400.5
105492.4
99769.9801
77553.16
78798.82
79342.17
43687.6
47530.88
51265.04
40108.5
41352.86
43311.25
44406.66
47788.86
37324.41
37987.88
40013.2
42916.58
43179.47
33856.87
36652.62
36382.64
38412.7
39663.42
30373.27
33285.82
34079.91
33756.25
36714.07
27417.79
29906.51
30978.11
31755.43
32329.35
26045.61
28448.45
28829.55
29321.84
31818.87
24227.13
24522.74
26348.5
27493.73
28388.53
22034.09
22249.06
0
21950.14
24075.79
24582.74
25164.38
51092.06
49092.4
46233.6
45436.86
51905.72
54036.6
61504.69
55060.07
59047.39
60345.67
63636.04
62786.07
58264.41
59379.55
61938.91
63324.42
65709.61
59911.23
61419.05
62757.49
65251.01
65749.78
60528.13
62814.82
64843.19
65626.54
67611.29
61421.16
63286.56
67452.19
53960.13
52602.34
53235.09
50118.59
62448.81
64147.57
67307
67282.43
12355.48
14577.39
16457.15
13193.05
12531.86
14646.19
14691.86
14691.51
12017.33
12236.93
12619.05
12746.87
14276.93
10583.41
11416.38
12788.52
16713.01
15628.8
13785.14
14238.75
11316.18
11649.93
11446.29
12436.14
37513.04
38746.3
58391.86
58080.91
59862.92
60101.84
59694.13
61428.8
57936.33
58750.53
60076.16
60991.83
63957.7
58547.87
59474.97
60745.93
63734.01
63281.98
57975
59511.23
60686.66
65580.26
65140.83
61482.48
61480.35
64156.09
64081.07
66449.96
60167.42
62785.09
62775.11
64977.48
67792.2
34595.75
37540.65
64912.94
39769.45
38377.03
38907.73
38150.25
35177.83
35605.57
37413.7
39259.78
12097.89
14224.23
14846.04
13759.39
17010.02
13649.33
15840.96
19994.04
15275.03
14242.66
13497.5
13856.08
15463.79
17404.21
18745.09
17534.57
14429.33
15901.93
64528.32
69389.55
73846.48
64787.98
67650.41
68413.61
68783.23
71406.12
66584.37
67416.09
68799.36
71222.22
71144.62
62654.63
65817.85
67331.45
68774.77
70481.23
62220.91
62311.27
65751.86
66999.17
69204.21
49415.92
50944.18
67485.14
71950.75
70926.2
69588.38
67691.38
50829.64
52444.2
50890.12
50975.81
25648.85
25534.03
27785.02
25516.84
27584.86
29182.66
28341.96
31186.88
29329.59
30186.93
31678.88
32911.03
32416.49
30782.01
31644.49
33703.11
34954.97
36151.43
33994.04
36204.36
36137.18
37138.98
40377.94
36185.42
35755.94
39368.04
41416.72
41520.81
39521.31
40694.91
43997.16
45155.61
47839.13
42475.93
44838.14
47676.09
47364.61
50988.63
46623.45
47674.8
49558.23
53298.09
54123.82
52286.41
52369
55769.37
56112.03
58737.75
54731.35
57909.81
59542.75
62055.81
62868.1
58005.73
61639.27
63305.96
65814.23
69305.26
62474.32
66037.2
68373.58
71414.97
74836.68
68538.86
71492.2
75461.68
78009.8
77803.32
74244.43
76740.59
79923.45
83188.16
86815.35
80024.45
81800.77
85553.44
88545.88
92039.7401
85542.44
87042.79
92322.3801
94051.3201
97570.7401
89045.52
91144.7301
97778.4601
99707.4001
103298.8
95161.3401
96354.3801
100328.5
103566.5
107738.2
99113.1201
101763.7
105378.9
106954.7
112604.1
103927.4
105426.9
111278.1
113901.7
115944.9
109963
111161.9
114913
117810
119999.9
114754.9
120591.6
124057.5
27468.29
27144.32
26285.27
25655.89
116516
117201.9
120598.5
120919.1
164132.6
163778.8
166754.6
165003.9
166212.8
164022.7
166677.5
165714.7
167022.4
165647.5
166098.1
165684.3
164490.3
165540.3
167757.5
163687.6
165627.2
167393.4
163665.2
167156.3
167499.3
164754
167203
163513.2
165143.9
166592.9
166430.1
165245.1
164314.3
165804.6
166532.8
166894.5
166630.7
166378.3
165554.4
167993.2
164482.7
164814.9
163743.5
164767.1
165738.2
166416.6
166244.1
165740.4
164685.7
165055.4
165145
166131
165065.9
164507
165319.6
165730.3
166556.8
165748.3
165539.4
165346.5
165247.3
167028.1
165401.5
164924.5
166026.9
166068.8
165141.3
163528.9
165076.5
164691.2
164173.7
167226
165652.4
165491.3
168104.4
165229
166875.9
166598.2
165722.9
165693.6
165807.6
166373.9
166415.2
107593.4
109684.6
112439.1
109586.1
109370.3
109723.4
112041
113042.7
104334.8
107708.2
106947.7
107159.5
106911.2
107385.7
109244.8
109577.7
104903.9
105811.6
108497.4
107367
104018.1
106503.6
107291.7
104432.6
104680.5
106846.9
105681.8
107647.9
104234.8
105701.4
102191.1
104655.6
106992.7
104468.5
104903.9
104412.3
101237.7
104441.6
100742.7
100792.1
102807
98627.5901
102229.3
97784.2601
103263
102247.5
101585.6
104793.5
99761.8401
98574.4501
95752.3801
99111.4901
100907.1
92548.9501
95744.6401
97546.9301
97082.9301
97507.1001
95819.7301
92813.3301
96307.7301
95161.6501
91313.1001
89918.8201
91510.0601
91139.6801
90615.4101
92118.0501
89441.06
89192.59
91048.2401
90244.0601
90451.3401
86305.85
83722.09
84363.46
88167.07
88808.06
82907.45
84313.48
82617.99
83635.63
80649.07
79074.04
78686.96
81127.16
80054.31
82701.03
76929.35
77503.08
77370.84
75901.33
76246.98
74430.38
73045.32
75564.1
76887.38
76674.12
67036.69
70398.92
71219.8
70288.31
71014.27
64421.89
65339.96
66442.83
64977.57
64441.29
59904.95
60144.95
62234.59
63403.6
61694.16
56940.61
57090.25
58305.29
57305.77
56699.53
55353.66
55906.14
54395.78
57860.05
55304.67
53951.59
55280.72
54488.96
53594.52
54456.57
52328.87
51495.4
53650.71
52722.97
53516.88
52215.43
51382.91
52423.96
52046.03
50328.09
48134.66
48233.62
51308.6
108342.2
111755.5
111924.1
109436.2
48496.77
49743.15
49499.25
48240.42
73459.36
72210.27
75791.57
77070.93
78167.05
79908.86
80583.96
79292.41
80299.65
82055.23
83173.25
80956.84
82123.91
85254.35
85399.16
85363.71
87754.2
84915.88
84310.04
88221.59
87980.55
88357.66
91134.3301
89397.2
90244.2101
90673.9301
88534.46
90862.0201
92411.2401
90592.6101
93329.5101
90717.5901
94172.9901
97083.7701
96720.0501
95221.4401
95664.1401
96097.6601
100026.7
98872.9901
99327.4901
99180.0101
99901.2701
97718.7901
101014.5
101122
104220.8
105326.4
100278.9
102647.4
105740.2
105224.1
109667.7
105713.9
104915.7
110649.4
109665.2
110489.4
107337.5
106936.9
106359.7
108182.6
113322.5
109998.1
107713.4
109061
109694.6
116599.6
111816
112107.8
112992.5
115085.8
116387.3
112541.6
114350.6
118490.2
69596.74
72281.92
73046.88
69829.84
110246.6
113604.8
116937.6
121113.4
83176.9
82084.91
84274.98
83289.37
80362.23
80285.98
82981.73
83125.76
83959.16
82607.97
83872.14
83490.93
82173.3
81354.72
82523.53
83777.66
84570.57
84560.29
82210.09
82732.2
85002.83
81900.32
83100.98
82654.92
82579.86
84010.67
82094.51
84855.82
83036.34
83960.6
83384.78
87209.24
86464.7
82672.81
84705.92
83354.88
86657.48
88252.63
85148.66
86170.79
83540.78
85063.31
87023.46
85769.96
84869.77
85277.48
86275.4
86414.48
85185.68
86947.31
86729.51
85506.13
86838.63
89840.4301
87269.05
89510.0901
90068.2201
87242.78
88671.09
88478.51
88246.23
88893.55
88432.99
90187.1301
90753.9001
87183.01
82623.3
82686.39
81136.11
82616.89
86091.74
89843.5001
89366.29
92551.3401
167720
170174.6
172968.2
167153.3
168009.6
169454.5
170616
168212.7
164040.8
166896.4
165755.6
164986.3
167543.8
162408.9
162250.5
162824.3
164829.6
164642.1
158287.8
159981
159267.4
160826.9
160923.4
154921.9
154937.1
154928.1
157159
156041
149555.8
150081.1
152619.7
153298.4
151474.8
144111.8
145340
147980.5
149126.3
147572.9
137922.5
141662.1
141365.2
142210.8
144823
134494.8
134233.7
137125.7
134781.1
138102.6
128450.4
130659.4
130141.9
129028.1
129397.1
121120.1
122467.7
123363
124698.1
124641.7
115330.6
115252.3
115413.7
114797.5
118126.8
107051.6
107971.4
107766.9
108569.6
110294.4
99383.9101
101748.2
101040
103339.7
101567.9
88274.08
88698.62
95582.2501
174417.6
169145.5
168619.2
170068.6
88192.84
90241.9301
89896.7101
88935.66
70411.88
71730.79
72077.02
71388.18
73162.2
73472.97
71705.59
72120.83
73145.97
74238.19
73339.23
74695.28
74975.17
75038.78
74717.03
77788.63
76180.48
75449.48
76242.98
75698.27
77501.95
77279.02
78099.2
79028.8
77747.57
80027.88
78810.79
79485
80608.86
80221.24
81361.93
80735.81
81025.16
82689.34
83008.05
81312.86
81822.26
82713.67
83160.9
84459.05
83591.79
83343.17
83449.73
84154.04
84827.31
86215.81
85395.94
85243.08
84571.4
85084.56
88066.54
87147.55
86848.69
88105.09
88251.38
91025.6101
88942.64
88953.93
89730.4501
90444.9301
89414.62
88602.54
90232.9801
88963.34
90461.0301
90085.8801
92404.5201
91782.4801
94615.9501
91755.9301
94862.8401
72752.46
69745.73
71745.95
70380.11
93993.1601
92654.4101
94594.5901
95016.0001
200274.9
198382.5
199689.1
200306.5
199951.6
200700.2
199226.5
200680
200053.3
197048.5
199255.5
199769.4
199909.9
195939.3
200529.2
199250.9
199156.3
199904
198096
200028.3
200850.6
199952.2
200885.3
199571.7
198669
199997.6
200455.2
200609.3
198321.2
199144.8
200643.6
201292.8
200673.8
198715.8
198620.8
200001.4
199978.3
200482.1
198945.7
200017.8
200519.3
199707.4
202148
200063.6
199842.8
200415.6
200814.7
200848.4
199894.5
202496.6
201285.5
199711.9
202600.6
199459.9
199398.8
199386.5
199939.1
200124
199328
200607.3
201601.1
200715.7
201427.7
201644.3
200083.5
200744
200802.6
201981.8
199267.2
201563.9
200575.2
200150.3
200803
198903.3
199805.7
199368.2
200406.4
200447
200649.2
200379.8
199492.2
200920.8
200055.9
198979.3
201366.8
198298.9
200254.6
201590.3
198739
199343.2
201009.6
199641.9
201125.9
199680.1
199831.2
201960.8
201565
201632.7
199604.1
201351.5
200686.2
201373.2
201217.8
198592.7
203150.7
200669.4
201429.5
202312.6
198521
199892
201157.7
200176.6
202187.8
201193.6
200519.9
201666.7
201579.7
201849.5
199999.3
201505.4
200774.6
201665.9
201176.3
201309.2
201631.5
201443.7
200952.1
201261.8
201440.8
198612.7
200646
203896.4
202904.1
201756.2
201652.2
201208.1
201220
202926.2
198902.6
199869.5
201089.6
202159.6
202495.6
200507
201003.2
201480.8
201589.5
200290
200928.3
201569.6
201645.7
200765.1
203025.3
200555.5
201171.6
201301.7
202788.1
202942.2
200876.4
202034
201364.1
203426
201353.1
200864.2
200604.8
201990.7
201184.4
201972.6
199937.6
201060.2
199724.9
201240.5
202502.3
201811.6
201196.3
201332.5
203290.7
202472.8
201300.8
199604.5
200565.7
201718.1
202441.5
201317.9
201155.8
202163.2
201024.2
201239.8
200878.8
200961.2
202282.3
200143.7
201973.3
200061.6
200248.1
201542.1
202935
200980
201614.1
200940.7
203365.7
201697.4
203087.8
200764.4
200702.1
202173.7
203095.6
202472.9
200554.2
201040.5
201675
200094.4
201232.3
199762
198494
201020.6
201538.6
200689.4
201835.4
177656.3
178755
180232.5
178769
177093
177422.5
177317.6
178262.9
174585.4
174178.3
175051.3
176155.8
175645
169701.9
171242.6
170507.2
171597.5
173025.3
168311.5
167923.1
169740.5
169771.9
170130.1
163189.8
164426
165955.3
166170.8
165664.7
160832.8
159643.3
161289
161107.5
161966.7
157171.8
157503.9
158337.8
156687.1
158166.8
152389.2
149761.7
152715.5
152440.4
153442.3
145488.8
146359.3
146298.7
147085.9
146783.3
140146.8
141201
140700.5
141324.8
141927.5
133192.1
133455.7
136879.7
136814.2
137987
130729.8
129251.9
130323.1
131258.7
129771
123384.1
121812
124140
126250.2
123521.1
116556.8
117224
116151.1
117921.9
119204.8
106749.6
106851.9
112227.3
181023.4
181041.8
178794.5
181763.1
106813.2
107150
106805
106815.2
95839.2301
98646.4501
114489.4
121296.5
120564.8
122062
122142.3
123601.1
128918.8
127767.4
129078
131329.3
129962.6
135517.5
136378.5
136034.5
136564.2
139087.1
142432.9
141771.9
143110.7
142996.2
142636.3
148276.5
148444.1
148612.1
150635.6
149228.7
151963.7
154198.9
153709.9
156129.2
154939.3
156684.7
157001.1
160839
159553.4
159490.7
164715.3
162084.2
162856.8
163705.7
164738.3
166560.9
166899.7
164806.6
166178.1
167185.9
168478.8
168958.1
170403
170291.6
170745.6
171952.4
173710.1
173187.3
172203.8
173531.1
173416.8
175918.3
175861.3
175151
174753.2
176580.3
180064.3
179386.4
179712.5
179888.6
181524.8
182349.4
179827.6
180087.1
181108.7
182306.3
182963.3
183593.4
99517.8801
99366.0801
99443.4501
99609.2301
182207.5
182831.6
181770.7
185043.6
207766.1
205396.4
208224.7
205995
206683.5
206849.5
206195
206561.4
207751.7
207088.7
206551.3
208084.9
207100.6
205114.1
207509.8
206786.4
207025.6
205531.8
207166
206211.1
206056.5
207569.6
206459.2
205461.3
206761
206613.3
204802.7
206095
206567.7
205295.3
205702.3
206638.8
205907.9
206623.6
205402.1
206320
207363.1
206228.3
206987.6
206612.4
206735.7
206630.3
206368.1
205171.9
207742.4
206464
206711.1
207146.9
205520.1
205341.3
205320.5
204856.5
205619.6
206790.6
206283.9
206179.8
207786.7
204859.2
206432.1
204942.4
206889
207301.6
206967.6
206608.3
207276
207504.6
206523.3
205761.6
206398.1
207667.8
206730.1
206531.9
206521.1
206952.5
134103.7
135056
136342.9
130620.9
130318.9
131297.3
133569.2
135371.6
130835
129864.7
131498.3
131038.4
131465.3
127438.3
127093.4
127499.8
128753.4
127893.9
126445.1
124614.3
124447.9
126441.6
125533.9
123865.9
122537.4
122507.6
122014.7
122766.2
121625.8
120729.5
121246
121109.8
119950.2
116550.3
118358.7
118364.9
119544.5
119024.7
115971.4
117541.7
115648.4
114941.4
116173.2
111357.7
113180.9
113066.3
112215.3
111886.4
108409.9
109552.8
110035
110022.2
109598.9
106067.5
104877.2
106171.4
106936.1
106159.8
103854.8
103201.5
103095.6
103715.7
103541.7
98864.0401
98702.7801
99474.3301
100674.3
99979.0701
94561.8601
94858.4101
95303.7901
96231.4101
96064.5901
82493.13
82360.02
93131.8301
136301.2
135595.3
134695.8
132748
81687.99
81220.02
80775.94
83310.66
83275.16
83444.84
104321.8
108244.4
111458.1
110486.9
111890.2
113849.9
117936
118094.2
117652.5
120614.1
119504.2
125451.6
125164.4
126663.2
128396.6
128794
130908.2
133463.3
133431.5
135443.6
134847
137408.2
140028.8
140089.7
142837.5
143341.2
146331.4
146664.9
148224.3
148370.1
150026.4
150958.9
153672.6
154161.5
154577.4
155071.3
157514.7
157589.4
158846.8
158015.6
161035.9
161441.8
161678.6
161965.6
164177.2
165495.7
166268.2
164929.5
165308.7
166601
170433.5
167932.3
170172.2
171676.5
170833.5
173506.8
171994.2
175420.8
173989.6
172791.6
173658.1
177048.8
176457.9
178339.5
177953.5
179369.4
177653.4
178507.6
179558.8
181334.3
181758.5
180722.4
180827.6
183778.6
180977.3
181587.9
186124.5
180772.7
184721.2
186527.1
185034.5
184525.8
185945.2
186759.9
185970.5
186692.8
187350.2
186383.2
187503.3
190159.9
187945.8
187995.2
187251.4
188646.7
192222.7
189181.7
190068.7
188205.7
189426
190330
190323.7
191890.1
189670.9
195387.8
192148.6
194987.8
194236.4
193038.4
193084.2
192770.8
194623.7
194369.9
192978.1
193601.5
194966.2
194994.1
194741.6
196771.8
195923.9
195351
197096
195335.9
194898.5
195909.4
195274
193632.4
195259.3
196499.1
195892.6
197360.9
194794.1
196926.4
196309.3
194895.2
195066.6
197271.4
198287.1
198141.3
198409.9
82624.91
82722.24
84509.45
83072.4
193629.3
196754.1
198080.9
199551.3
164775.1
165468.1
167666.6
166250.9
164986.9
164765.8
167296.3
165605
166551.2
164846.7
166725.8
166200.2
167715.9
164937
166311.2
166581.7
166870.8
167267.7
165151.3
165041.1
165570.4
166034.3
169291.9
165171.2
163686
167138.4
166658.8
166304.5
166444.6
166272.7
167822.1
167600.5
167440.5
166369.7
166919
165154.2
166637.5
165080.6
164832.7
165714.6
165013.6
167882.2
166488.8
167126.4
166344.9
165011.6
167365
167956.7
166805.5
166520.3
164543.5
165635.3
166484.8
166676.8
165974.8
165183.4
165766.2
165478.4
164777.2
164870.1
165895
165681.6
165524
166233.5
163877.8
165940.2
164793
165796.8
164260
166963.8
167093.8
167416.4
166133
167140.5
164641.1
164694.6
166913.9
164968
165301.7
88242.91
88172.05
90824.0201
88891.41
87867.22
86091.21
88410.53
88465.54
84911.98
87571.73
86399.44
87116.79
88045.2
82267.05
84080.41
87444.34
86769.99
87114.01
80712.34
82218.2
83856.23
84070.33
86134.07
79168.02
80552.63
85281.64
84975.44
85920.05
76437.22
77082.97
81089.79
83611.95
83990.4
73859.23
75909.26
80379.68
82623.78
82578.84
70488.41
73701.94
77077.22
80372.47
81047.95
66552.3
68704.02
71013.23
74862.63
75199.8
61104.91
64601.97
66387.63
68626.69
70482.94
54562.2
57750.75
61686.91
65269.61
64375.61
51332.58
53731.94
56924.05
59729.66
61788.64
47091.19
51395.23
51684.07
53888.23
55800.44
43683.54
47526.94
51259.88
45432.39
46229.22
49088.17
51086.9
89796.5801
90315.6901
88753.67
88075.78
